#
# A fatal error has been detected by the Java Runtime Environment:
#
#  SIGSEGV (0xb) at pc=0x8ebd2fdb, pid=11096, tid=3062815552
#
# JRE version: 6.0_45-b06
# Java VM: Java HotSpot(TM) Server VM (20.45-b01 mixed mode linux-x86 )
# Problematic frame:
# C  [libpolkaMPQ.so+0x19fdb]  pk_widening+0x1eb
#
# If you would like to submit a bug report, please visit:
#   http://java.sun.com/webapps/bugreport/crash.jsp
# The crash happened outside the Java Virtual Machine in native code.
# See problematic frame for where to report the bug.
#

---------------  T H R E A D  ---------------

Current thread (0xb6707000):  JavaThread "main" [_thread_in_native, id=11099, stack(0xb689d000,0xb68ee000)]

siginfo:si_signo=SIGSEGV: si_errno=0, si_code=1 (SEGV_MAPERR), si_addr=0x00000008

Registers:
EAX=0x00000000, EBX=0x8ebe1000, ECX=0xb6700010, EDX=0x00000001
ESP=0xb68ec2c8, EBP=0x8e43d010, ESI=0x00000001, EDI=0x8e43d080
EIP=0x8ebd2fdb, EFLAGS=0x00210286, CR2=0x00000008

Top of Stack: (sp=0xb68ec2c8)
0xb68ec2c8:   00000000 00000038 00000000 0000005b
0xb68ec2d8:   8e43d048 8e43d090 00000002 8e43d098
0xb68ec2e8:   00000001 8e43d010 8e43ca30 8ec74080
0xb68ec2f8:   b75daf49 b6d49dd9 00000001 00000000
0xb68ec308:   8e43d0a8 8e431d28 8e2fe000 8e431d28
0xb68ec318:   8e42b750 81fe5d00 b6707000 8e43d038
0xb68ec328:   8ebd2df9 8e2fe000 8e43d000 8e431d28
0xb68ec338:   8e43d038 8e1cc19f 8e431d28 8e43ca30 

Instructions: (pc=0x8ebd2fdb)
0x8ebd2fbb:   c6 8b 44 24 28 ff 70 14 ff 70 10 e8 d5 ad fe ff
0x8ebd2fcb:   8b 6c 24 2c 89 44 24 48 83 c4 0c 8b 45 00 6a 00
0x8ebd2fdb:   ff 70 08 8b 7c 24 30 8b 40 04 03 47 08 83 e8 01
0x8ebd2feb:   50 e8 cf ae fe ff 8b 4c 24 48 83 c4 0c 89 01 6a 

Register to memory mapping:

EAX=0x00000000 is an unknown value
EBX=0x8ebe1000: <offset 0x28000> in /home/sae/apron/newpolka/libpolkaMPQ.so at 0x8ebb9000
ECX=0xb6700010 is an unknown value
EDX=0x00000001 is an unknown value
ESP=0xb68ec2c8 is pointing into the stack for thread: 0xb6707000
EBP=0x8e43d010 is an unknown value
ESI=0x00000001 is an unknown value
EDI=0x8e43d080 is an unknown value


Stack: [0xb689d000,0xb68ee000],  sp=0xb68ec2c8,  free space=316k
Native frames: (J=compiled Java code, j=interpreted, Vv=VM code, C=native code)
C  [libpolkaMPQ.so+0x19fdb]  pk_widening+0x1eb

Java frames: (J=compiled Java code, j=interpreted, Vv=VM code)
j  apron.Abstract0.widening(Lapron/Manager;Lapron/Abstract0;)Lapron/Abstract0;+0
j  apron.Abstract1.widening(Lapron/Manager;Lapron/Abstract1;)Lapron/Abstract1;+25
j  ch.ethz.sae.Analysis.merge(Lsoot/Unit;Lch/ethz/sae/AWrapper;Lch/ethz/sae/AWrapper;Lch/ethz/sae/AWrapper;)V+213
j  ch.ethz.sae.Analysis.merge(Ljava/lang/Object;Ljava/lang/Object;Ljava/lang/Object;Ljava/lang/Object;)V+18
j  soot.toolkits.scalar.ForwardBranchedFlowAnalysis.doAnalysis()V+949
j  ch.ethz.sae.Analysis.run()V+1
j  ch.ethz.sae.Verifier.main([Ljava/lang/String;)V+104
j  UnitTests.test()V+23
v  ~StubRoutines::call_stub
j  sun.reflect.NativeMethodAccessorImpl.invoke0(Ljava/lang/reflect/Method;Ljava/lang/Object;[Ljava/lang/Object;)Ljava/lang/Object;+0
j  sun.reflect.NativeMethodAccessorImpl.invoke(Ljava/lang/Object;[Ljava/lang/Object;)Ljava/lang/Object;+87
j  sun.reflect.DelegatingMethodAccessorImpl.invoke(Ljava/lang/Object;[Ljava/lang/Object;)Ljava/lang/Object;+6
j  java.lang.reflect.Method.invoke(Ljava/lang/Object;[Ljava/lang/Object;)Ljava/lang/Object;+161
j  org.junit.runners.model.FrameworkMethod$1.runReflectiveCall()Ljava/lang/Object;+15
j  org.junit.internal.runners.model.ReflectiveCallable.run()Ljava/lang/Object;+1
j  org.junit.runners.model.FrameworkMethod.invokeExplosively(Ljava/lang/Object;[Ljava/lang/Object;)Ljava/lang/Object;+10
j  org.junit.internal.runners.statements.InvokeMethod.evaluate()V+12
j  org.junit.internal.runners.statements.RunBefores.evaluate()V+49
j  org.junit.runners.ParentRunner.runLeaf(Lorg/junit/runners/model/Statement;Lorg/junit/runner/Description;Lorg/junit/runner/notification/RunNotifier;)V+17
j  org.junit.runners.BlockJUnit4ClassRunner.runChild(Lorg/junit/runners/model/FrameworkMethod;Lorg/junit/runner/notification/RunNotifier;)V+32
j  org.junit.runners.BlockJUnit4ClassRunner.runChild(Ljava/lang/Object;Lorg/junit/runner/notification/RunNotifier;)V+6
j  org.junit.runners.ParentRunner$3.run()V+12
j  org.junit.runners.ParentRunner$1.schedule(Ljava/lang/Runnable;)V+1
j  org.junit.runners.ParentRunner.runChildren(Lorg/junit/runner/notification/RunNotifier;)V+40
j  org.junit.runners.ParentRunner.access$000(Lorg/junit/runners/ParentRunner;Lorg/junit/runner/notification/RunNotifier;)V+2
j  org.junit.runners.ParentRunner$2.evaluate()V+8
j  org.junit.runners.ParentRunner.run(Lorg/junit/runner/notification/RunNotifier;)V+20
j  org.junit.runners.Suite.runChild(Lorg/junit/runner/Runner;Lorg/junit/runner/notification/RunNotifier;)V+2
j  org.junit.runners.Suite.runChild(Ljava/lang/Object;Lorg/junit/runner/notification/RunNotifier;)V+6
j  org.junit.runners.ParentRunner$3.run()V+12
j  org.junit.runners.ParentRunner$1.schedule(Ljava/lang/Runnable;)V+1
j  org.junit.runners.ParentRunner.runChildren(Lorg/junit/runner/notification/RunNotifier;)V+40
j  org.junit.runners.ParentRunner.access$000(Lorg/junit/runners/ParentRunner;Lorg/junit/runner/notification/RunNotifier;)V+2
j  org.junit.runners.ParentRunner$2.evaluate()V+8
j  org.junit.runners.ParentRunner.run(Lorg/junit/runner/notification/RunNotifier;)V+20
j  org.eclipse.jdt.internal.junit4.runner.JUnit4TestReference.run(Lorg/eclipse/jdt/internal/junit/runner/TestExecution;)V+72
j  org.eclipse.jdt.internal.junit.runner.TestExecution.run([Lorg/eclipse/jdt/internal/junit/runner/ITestReference;)V+17
j  org.eclipse.jdt.internal.junit.runner.RemoteTestRunner.runTests([Ljava/lang/String;Ljava/lang/String;Lorg/eclipse/jdt/internal/junit/runner/TestExecution;)V+61
j  org.eclipse.jdt.internal.junit.runner.RemoteTestRunner.runTests(Lorg/eclipse/jdt/internal/junit/runner/TestExecution;)V+10
j  org.eclipse.jdt.internal.junit.runner.RemoteTestRunner.run()V+70
j  org.eclipse.jdt.internal.junit.runner.RemoteTestRunner.main([Ljava/lang/String;)V+14
v  ~StubRoutines::call_stub

---------------  P R O C E S S  ---------------

Java Threads: ( => current thread )
  0x8ef16800 JavaThread "ReaderThread" [_thread_in_native, id=11123, stack(0x8f00b000,0x8f05c000)]
  0xb67af000 JavaThread "Low Memory Detector" daemon [_thread_blocked, id=11121, stack(0x8f12e000,0x8f17f000)]
  0xb67a3c00 JavaThread "C2 CompilerThread1" daemon [_thread_in_native, id=11120, stack(0x8f17f000,0x8f200000)]
  0xb67a1c00 JavaThread "C2 CompilerThread0" daemon [_thread_in_native, id=11119, stack(0x8f200000,0x8f281000)]
  0x0909d800 JavaThread "JDWP Command Reader" daemon [_thread_in_native, id=11116, stack(0x8f281000,0x8f2d2000)]
  0xb67a0000 JavaThread "JDWP Event Helper Thread" daemon [_thread_blocked, id=11115, stack(0x8f2d2000,0x8f323000)]
  0xb679d800 JavaThread "JDWP Transport Listener: dt_socket" daemon [_thread_blocked, id=11112, stack(0x8f323000,0x8f374000)]
  0xb6795c00 JavaThread "Signal Dispatcher" daemon [_thread_blocked, id=11110, stack(0x8f374000,0x8f3c5000)]
  0xb6787c00 JavaThread "Finalizer" daemon [_thread_blocked, id=11108, stack(0x8f3c5000,0x8f416000)]
  0xb6786400 JavaThread "Reference Handler" daemon [_thread_blocked, id=11107, stack(0x8f416000,0x8f467000)]
=>0xb6707000 JavaThread "main" [_thread_in_native, id=11099, stack(0xb689d000,0xb68ee000)]

Other Threads:
  0xb6782800 VMThread [stack: 0x8f74b000,0x8f7cc000] [id=11106]
  0xb67b0c00 WatcherThread [stack: 0x8f0ad000,0x8f12e000] [id=11122]

VM state:not at safepoint (normal execution)

VM Mutex/Monitor currently owned by a thread: None

Heap
 PSYoungGen      total 17472K, used 1949K [0xa8c00000, 0xab860000, 0xb3400000)
  eden space 16128K, 3% used [0xa8c00000,0xa8c9b578,0xa9bc0000)
  from space 1344K, 98% used [0xa9bc0000,0xa9d0c010,0xa9d10000)
  to   space 6592K, 0% used [0xab1f0000,0xab1f0000,0xab860000)
 PSOldGen        total 21504K, used 11635K [0x93c00000, 0x95100000, 0xa8c00000)
  object space 21504K, 54% used [0x93c00000,0x9475cf08,0x95100000)
 PSPermGen       total 16384K, used 8913K [0x8fc00000, 0x90c00000, 0x93c00000)
  object space 16384K, 54% used [0x8fc00000,0x904b47d0,0x90c00000)

Code Cache  [0xb34c5000, 0xb3705000, 0xb64c5000)
 total_blobs=235 nmethods=118 adapters=79 free_code_cache=49717504 largest_free_block=17920

Dynamic libraries:
08048000-08052000 r-xp 00000000 08:01 3409195    /opt/jdk1.6.0_45/bin/java
08052000-08053000 rwxp 00009000 08:01 3409195    /opt/jdk1.6.0_45/bin/java
0909c000-09b8f000 rwxp 00000000 00:00 0          [heap]
8e1a7000-8e2fc000 r-xp 00000000 08:01 6165121    /home/sae/apron/apron/libapron.so
8e2fc000-8e2fd000 ---p 00155000 08:01 6165121    /home/sae/apron/apron/libapron.so
8e2fd000-8e2fe000 r-xp 00155000 08:01 6165121    /home/sae/apron/apron/libapron.so
8e2fe000-8e300000 rwxp 00156000 08:01 6165121    /home/sae/apron/apron/libapron.so
8e300000-8e3f8000 rwxp 00000000 00:00 0 
8e3f8000-8e400000 ---p 00000000 00:00 0 
8e400000-8e471000 rwxp 00000000 00:00 0 
8e471000-8e500000 ---p 00000000 00:00 0 
8e500000-8e5f9000 rwxp 00000000 00:00 0 
8e5f9000-8e600000 ---p 00000000 00:00 0 
8e600000-8e6ff000 rwxp 00000000 00:00 0 
8e6ff000-8e700000 ---p 00000000 00:00 0 
8e700000-8e7e7000 rwxp 00000000 00:00 0 
8e7e7000-8e800000 ---p 00000000 00:00 0 
8e874000-8e8fe000 r-xp 00000000 08:01 4462686    /usr/lib/i386-linux-gnu/libgmp.so.10.3.0
8e8fe000-8e8ff000 r-xp 00089000 08:01 4462686    /usr/lib/i386-linux-gnu/libgmp.so.10.3.0
8e8ff000-8e900000 rwxp 0008a000 08:01 4462686    /usr/lib/i386-linux-gnu/libgmp.so.10.3.0
8e900000-8e9f7000 rwxp 00000000 00:00 0 
8e9f7000-8ea00000 ---p 00000000 00:00 0 
8ea00000-8eafc000 rwxp 00000000 00:00 0 
8eafc000-8eb00000 ---p 00000000 00:00 0 
8eb36000-8eba1000 r-xp 00000000 08:01 4462983    /usr/lib/i386-linux-gnu/libmpfr.so.4.1.4
8eba1000-8eba2000 r-xp 0006a000 08:01 4462983    /usr/lib/i386-linux-gnu/libmpfr.so.4.1.4
8eba2000-8eba3000 rwxp 0006b000 08:01 4462983    /usr/lib/i386-linux-gnu/libmpfr.so.4.1.4
8ebb9000-8ebdf000 r-xp 00000000 08:01 145087     /home/sae/apron/newpolka/libpolkaMPQ.so
8ebdf000-8ebe0000 ---p 00026000 08:01 145087     /home/sae/apron/newpolka/libpolkaMPQ.so
8ebe0000-8ebe1000 r-xp 00026000 08:01 145087     /home/sae/apron/newpolka/libpolkaMPQ.so
8ebe1000-8ebe2000 rwxp 00027000 08:01 145087     /home/sae/apron/newpolka/libpolkaMPQ.so
8ebe2000-8ebfe000 r-xp 00000000 08:01 6165182    /home/sae/apron/octagons/liboctD.so
8ebfe000-8ebff000 r-xp 0001b000 08:01 6165182    /home/sae/apron/octagons/liboctD.so
8ebff000-8ec00000 rwxp 0001c000 08:01 6165182    /home/sae/apron/octagons/liboctD.so
8ec00000-8ecfa000 rwxp 00000000 00:00 0 
8ecfa000-8ed00000 ---p 00000000 00:00 0 
8ed08000-8ed14000 r-xp 00000000 08:01 145173     /home/sae/apron/box/libboxD.so
8ed14000-8ed15000 r-xp 0000b000 08:01 145173     /home/sae/apron/box/libboxD.so
8ed15000-8ed16000 rwxp 0000c000 08:01 145173     /home/sae/apron/box/libboxD.so
8ed16000-8ed3d000 r-xp 00000000 08:01 145195     /home/sae/apron/japron/libjgmp.so
8ed3d000-8ed3e000 r-xp 00026000 08:01 145195     /home/sae/apron/japron/libjgmp.so
8ed3e000-8ed3f000 rwxp 00027000 08:01 145195     /home/sae/apron/japron/libjgmp.so
8ed3f000-8ef00000 rwxp 00000000 00:00 0 
8ef00000-8f000000 rwxp 00000000 00:00 0 
8f00b000-8f00e000 ---p 00000000 00:00 0 
8f00e000-8f05c000 rwxp 00000000 00:00 0 
8f05c000-8f0ad000 r-xs 005b1000 08:01 270146     /home/sae/project2/soot-2.5.0.jar
8f0ad000-8f0ae000 ---p 00000000 00:00 0 
8f0ae000-8f12e000 rwxp 00000000 00:00 0 
8f12e000-8f131000 ---p 00000000 00:00 0 
8f131000-8f17f000 rwxp 00000000 00:00 0 
8f17f000-8f182000 ---p 00000000 00:00 0 
8f182000-8f200000 rwxp 00000000 00:00 0 
8f200000-8f203000 ---p 00000000 00:00 0 
8f203000-8f281000 rwxp 00000000 00:00 0 
8f281000-8f284000 ---p 00000000 00:00 0 
8f284000-8f2d2000 rwxp 00000000 00:00 0 
8f2d2000-8f2d5000 ---p 00000000 00:00 0 
8f2d5000-8f323000 rwxp 00000000 00:00 0 
8f323000-8f326000 ---p 00000000 00:00 0 
8f326000-8f374000 rwxp 00000000 00:00 0 
8f374000-8f377000 ---p 00000000 00:00 0 
8f377000-8f3c5000 rwxp 00000000 00:00 0 
8f3c5000-8f3c8000 ---p 00000000 00:00 0 
8f3c8000-8f416000 rwxp 00000000 00:00 0 
8f416000-8f419000 ---p 00000000 00:00 0 
8f419000-8f467000 rwxp 00000000 00:00 0 
8f467000-8f600000 r-xs 03087000 08:01 3407875    /opt/jdk1.6.0_45/jre/lib/rt.jar
8f600000-8f621000 rwxp 00000000 00:00 0 
8f621000-8f700000 ---p 00000000 00:00 0 
8f70d000-8f72b000 r-xp 00000000 08:01 145196     /home/sae/apron/japron/libjapron.so
8f72b000-8f72c000 r-xp 0001d000 08:01 145196     /home/sae/apron/japron/libjapron.so
8f72c000-8f72d000 rwxp 0001e000 08:01 145196     /home/sae/apron/japron/libjapron.so
8f72d000-8f73c000 r-xs 00667000 08:01 3408674    /opt/jdk1.6.0_45/jre/lib/charsets.jar
8f73c000-8f743000 r-xs 00096000 08:01 3407961    /opt/jdk1.6.0_45/jre/lib/jsse.jar
8f743000-8f74b000 r-xs 00115000 08:01 3408017    /opt/jdk1.6.0_45/jre/lib/resources.jar
8f74b000-8f74c000 ---p 00000000 00:00 0 
8f74c000-8f800000 rwxp 00000000 00:00 0 
8f800000-8f821000 rwxp 00000000 00:00 0 
8f821000-8f900000 ---p 00000000 00:00 0 
8f904000-8f918000 r-xp 00000000 08:01 3407925    /opt/jdk1.6.0_45/jre/lib/i386/libnet.so
8f918000-8f919000 rwxp 00013000 08:01 3407925    /opt/jdk1.6.0_45/jre/lib/i386/libnet.so
8f919000-8f91a000 ---p 00000000 00:00 0 
8f91a000-8f99a000 rwxp 00000000 00:00 0 
8f99a000-8f99b000 ---p 00000000 00:00 0 
8f99b000-8fa23000 rwxp 00000000 00:00 0 
8fa23000-8fa3b000 rwxp 00000000 00:00 0 
8fa3b000-8fa46000 rwxp 00000000 00:00 0 
8fa46000-8fae3000 rwxp 00000000 00:00 0 
8fae3000-8faeb000 rwxp 00000000 00:00 0 
8faeb000-8fb03000 rwxp 00000000 00:00 0 
8fb03000-8fb0e000 rwxp 00000000 00:00 0 
8fb0e000-8fbab000 rwxp 00000000 00:00 0 
8fbab000-8fbc2000 rwxp 00000000 00:00 0 
8fbc2000-8fbff000 rwxp 00000000 00:00 0 
8fbff000-90c00000 rwxp 00000000 00:00 0 
90c00000-93c00000 rwxp 00000000 00:00 0 
93c00000-95100000 rwxp 00000000 00:00 0 
95100000-a8c00000 rwxp 00000000 00:00 0 
a8c00000-ab860000 rwxp 00000000 00:00 0 
ab860000-b3400000 rwxp 00000000 00:00 0 
b3402000-b3405000 r-xs 00013000 08:01 3407971    /opt/jdk1.6.0_45/jre/lib/jce.jar
b3405000-b340e000 rwxp 00000000 00:00 0 
b340e000-b34c5000 rwxp 00000000 00:00 0 
b34c5000-b3705000 rwxp 00000000 00:00 0 
b3705000-b64c5000 rwxp 00000000 00:00 0 
b64c5000-b64d4000 r-xp 00000000 08:01 3407921    /opt/jdk1.6.0_45/jre/lib/i386/libzip.so
b64d4000-b64d6000 rwxp 0000e000 08:01 3407921    /opt/jdk1.6.0_45/jre/lib/i386/libzip.so
b64d6000-b64e1000 r-xp 00000000 08:01 6039024    /lib/i386-linux-gnu/libnss_files-2.23.so
b64e1000-b64e2000 r-xp 0000a000 08:01 6039024    /lib/i386-linux-gnu/libnss_files-2.23.so
b64e2000-b64e3000 rwxp 0000b000 08:01 6039024    /lib/i386-linux-gnu/libnss_files-2.23.so
b64e3000-b64e9000 rwxp 00000000 00:00 0 
b64e9000-b64f4000 r-xp 00000000 08:01 6039017    /lib/i386-linux-gnu/libnss_nis-2.23.so
b64f4000-b64f5000 r-xp 0000a000 08:01 6039017    /lib/i386-linux-gnu/libnss_nis-2.23.so
b64f5000-b64f6000 rwxp 0000b000 08:01 6039017    /lib/i386-linux-gnu/libnss_nis-2.23.so
b64f6000-b64fe000 r-xp 00000000 08:01 6039025    /lib/i386-linux-gnu/libnss_compat-2.23.so
b64fe000-b64ff000 r-xp 00007000 08:01 6039025    /lib/i386-linux-gnu/libnss_compat-2.23.so
b64ff000-b6500000 rwxp 00008000 08:01 6039025    /lib/i386-linux-gnu/libnss_compat-2.23.so
b6500000-b6700000 r-xp 00000000 08:01 4457996    /usr/lib/locale/locale-archive
b6700000-b67fb000 rwxp 00000000 00:00 0 
b67fb000-b6800000 ---p 00000000 00:00 0 
b6802000-b683c000 r-xp 00000000 08:01 3407954    /opt/jdk1.6.0_45/jre/lib/i386/libjdwp.so
b683c000-b683d000 rwxp 00039000 08:01 3407954    /opt/jdk1.6.0_45/jre/lib/i386/libjdwp.so
b683d000-b6854000 r-xp 00000000 08:01 6039019    /lib/i386-linux-gnu/libnsl-2.23.so
b6854000-b6855000 r-xp 00016000 08:01 6039019    /lib/i386-linux-gnu/libnsl-2.23.so
b6855000-b6856000 rwxp 00017000 08:01 6039019    /lib/i386-linux-gnu/libnsl-2.23.so
b6856000-b6858000 rwxp 00000000 00:00 0 
b685a000-b685c000 r-xs 0000c000 08:01 269812     /home/sae/eclipse/plugins/org.hamcrest.core_1.3.0.v201303031735.jar
b685c000-b6862000 r-xs 00036000 08:01 1443578    /home/sae/eclipse/plugins/org.junit_4.11.0.v201303080030/junit.jar
b6862000-b6865000 r-xp 00000000 08:01 3407955    /opt/jdk1.6.0_45/jre/lib/i386/libdt_socket.so
b6865000-b6866000 rwxp 00003000 08:01 3407955    /opt/jdk1.6.0_45/jre/lib/i386/libdt_socket.so
b6866000-b686e000 rwxs 00000000 08:01 2359319    /tmp/hsperfdata_sae/11096
b686e000-b6892000 r-xp 00000000 08:01 3407917    /opt/jdk1.6.0_45/jre/lib/i386/libjava.so
b6892000-b6894000 rwxp 00023000 08:01 3407917    /opt/jdk1.6.0_45/jre/lib/i386/libjava.so
b6894000-b689b000 r-xp 00000000 08:01 6039026    /lib/i386-linux-gnu/librt-2.23.so
b689b000-b689c000 r-xp 00006000 08:01 6039026    /lib/i386-linux-gnu/librt-2.23.so
b689c000-b689d000 rwxp 00007000 08:01 6039026    /lib/i386-linux-gnu/librt-2.23.so
b689d000-b68a0000 ---p 00000000 00:00 0 
b68a0000-b68ee000 rwxp 00000000 00:00 0 
b68ee000-b6941000 r-xp 00000000 08:01 6039018    /lib/i386-linux-gnu/libm-2.23.so
b6941000-b6942000 r-xp 00052000 08:01 6039018    /lib/i386-linux-gnu/libm-2.23.so
b6942000-b6943000 rwxp 00053000 08:01 6039018    /lib/i386-linux-gnu/libm-2.23.so
b6943000-b70f8000 r-xp 00000000 08:01 3407905    /opt/jdk1.6.0_45/jre/lib/i386/server/libjvm.so
b70f8000-b714c000 rwxp 007b5000 08:01 3407905    /opt/jdk1.6.0_45/jre/lib/i386/server/libjvm.so
b714c000-b756c000 rwxp 00000000 00:00 0 
b756c000-b771b000 r-xp 00000000 08:01 6039020    /lib/i386-linux-gnu/libc-2.23.so
b771b000-b771c000 ---p 001af000 08:01 6039020    /lib/i386-linux-gnu/libc-2.23.so
b771c000-b771e000 r-xp 001af000 08:01 6039020    /lib/i386-linux-gnu/libc-2.23.so
b771e000-b771f000 rwxp 001b1000 08:01 6039020    /lib/i386-linux-gnu/libc-2.23.so
b771f000-b7722000 rwxp 00000000 00:00 0 
b7722000-b7725000 r-xp 00000000 08:01 6039016    /lib/i386-linux-gnu/libdl-2.23.so
b7725000-b7726000 r-xp 00002000 08:01 6039016    /lib/i386-linux-gnu/libdl-2.23.so
b7726000-b7727000 rwxp 00003000 08:01 6039016    /lib/i386-linux-gnu/libdl-2.23.so
b7727000-b772e000 r-xp 00000000 08:01 3407919    /opt/jdk1.6.0_45/jre/lib/i386/jli/libjli.so
b772e000-b7730000 rwxp 00006000 08:01 3407919    /opt/jdk1.6.0_45/jre/lib/i386/jli/libjli.so
b7730000-b7749000 r-xp 00000000 08:01 6039030    /lib/i386-linux-gnu/libpthread-2.23.so
b7749000-b774a000 r-xp 00018000 08:01 6039030    /lib/i386-linux-gnu/libpthread-2.23.so
b774a000-b774b000 rwxp 00019000 08:01 6039030    /lib/i386-linux-gnu/libpthread-2.23.so
b774b000-b774d000 rwxp 00000000 00:00 0 
b774d000-b774e000 r-xs 00003000 08:01 145200     /home/sae/apron/japron/gmp.jar
b774e000-b7750000 r-xs 00013000 08:01 145201     /home/sae/apron/japron/apron.jar
b7750000-b7751000 r-xp 002cc000 08:01 4457996    /usr/lib/locale/locale-archive
b7751000-b7754000 r-xp 00000000 08:01 3407922    /opt/jdk1.6.0_45/jre/lib/i386/libnpt.so
b7754000-b7755000 rwxp 00002000 08:01 3407922    /opt/jdk1.6.0_45/jre/lib/i386/libnpt.so
b7755000-b7756000 rwxp 00000000 00:00 0 
b7756000-b7757000 r-xp 00000000 00:00 0 
b7757000-b7762000 r-xp 00000000 08:01 3407916    /opt/jdk1.6.0_45/jre/lib/i386/libverify.so
b7762000-b7763000 rwxp 0000b000 08:01 3407916    /opt/jdk1.6.0_45/jre/lib/i386/libverify.so
b7763000-b7765000 rwxp 00000000 00:00 0 
b7765000-b7767000 r--p 00000000 00:00 0          [vvar]
b7767000-b7768000 r-xp 00000000 00:00 0          [vdso]
b7768000-b778a000 r-xp 00000000 08:01 6039021    /lib/i386-linux-gnu/ld-2.23.so
b778a000-b778b000 rwxp 00000000 00:00 0 
b778b000-b778c000 r-xp 00022000 08:01 6039021    /lib/i386-linux-gnu/ld-2.23.so
b778c000-b778d000 rwxp 00023000 08:01 6039021    /lib/i386-linux-gnu/ld-2.23.so
bfe06000-bfe28000 rwxp 00000000 00:00 0          [stack]

VM Arguments:
jvm_args: -agentlib:jdwp=transport=dt_socket,suspend=y,address=localhost:42868 -Dfile.encoding=UTF-8 
java_command: org.eclipse.jdt.internal.junit.runner.RemoteTestRunner -version 3 -port 35795 -testLoaderClass org.eclipse.jdt.internal.junit4.runner.JUnit4TestLoader -loaderpluginname org.eclipse.jdt.junit4.runtime -classNames UnitTests
Launcher Type: SUN_STANDARD

Environment Variables:
JAVA_HOME=/opt/java-latest
PATH=/opt/java-latest/bin:/home/sae/eclipse/:/usr/local/sbin:/usr/local/bin:/usr/sbin:/usr/bin:/sbin:/bin:/usr/games:/usr/local/games:/snap/bin
LD_LIBRARY_PATH=/opt/jdk1.6.0_45/jre/lib/i386/server:/opt/jdk1.6.0_45/jre/lib/i386:/opt/jdk1.6.0_45/jre/../lib/i386:/opt/jdk1.6.0_45/jre/lib/i386/client:/opt/jdk1.6.0_45/jre/lib/i386:/home/sae/apron/box:/home/sae/apron/octagons:/home/sae/apron/newpolka:/home/sae/apron/apron:/home/sae/apron/japron:/home/sae/apron/japron/gmp
SHELL=/bin/bash
DISPLAY=:0

Signal Handlers:
SIGSEGV: [libjvm.so+0x7285f0], sa_mask[0]=0x7ffbfeff, sa_flags=0x10000004
SIGBUS: [libjvm.so+0x7285f0], sa_mask[0]=0x7ffbfeff, sa_flags=0x10000004
SIGFPE: [libjvm.so+0x5e21c0], sa_mask[0]=0x7ffbfeff, sa_flags=0x10000004
SIGPIPE: [libjvm.so+0x5e21c0], sa_mask[0]=0x7ffbfeff, sa_flags=0x10000004
SIGXFSZ: [libjvm.so+0x5e21c0], sa_mask[0]=0x7ffbfeff, sa_flags=0x10000004
SIGILL: [libjvm.so+0x5e21c0], sa_mask[0]=0x7ffbfeff, sa_flags=0x10000004
SIGUSR1: SIG_DFL, sa_mask[0]=0x00000000, sa_flags=0x00000000
SIGUSR2: [libjvm.so+0x5e5420], sa_mask[0]=0x00000004, sa_flags=0x10000004
SIGHUP: [libjvm.so+0x5e5000], sa_mask[0]=0x7ffbfeff, sa_flags=0x10000004
SIGINT: [libjvm.so+0x5e5000], sa_mask[0]=0x7ffbfeff, sa_flags=0x10000004
SIGTERM: [libjvm.so+0x5e5000], sa_mask[0]=0x7ffbfeff, sa_flags=0x10000004
SIGQUIT: [libjvm.so+0x5e5000], sa_mask[0]=0x7ffbfeff, sa_flags=0x10000004


---------------  S Y S T E M  ---------------

OS:stretch/sid

uname:Linux 4.4.0-78-generic #99-Ubuntu SMP Thu Apr 27 15:28:22 UTC 2017 i686
libc:glibc 2.23 NPTL 2.23 
rlimit: STACK 8192k, CORE 0k, NPROC 15831, NOFILE 65536, AS infinity
load average:0.38 0.43 0.44

/proc/meminfo:
MemTotal:        2062248 kB
MemFree:          197548 kB
MemAvailable:     806180 kB
Buffers:           63148 kB
Cached:           765744 kB
SwapCached:          404 kB
Active:          1306300 kB
Inactive:         469484 kB
Active(anon):     822008 kB
Inactive(anon):   158332 kB
Active(file):     484292 kB
Inactive(file):   311152 kB
Unevictable:          32 kB
Mlocked:              32 kB
HighTotal:       1183688 kB
HighFree:          48040 kB
LowTotal:         878560 kB
LowFree:          149508 kB
SwapTotal:       3142652 kB
SwapFree:        3140956 kB
Dirty:                68 kB
Writeback:             0 kB
AnonPages:        946468 kB
Mapped:           210824 kB
Shmem:             33452 kB
Slab:              51828 kB
SReclaimable:      36764 kB
SUnreclaim:        15064 kB
KernelStack:        3576 kB
PageTables:         9264 kB
NFS_Unstable:          0 kB
Bounce:                0 kB
WritebackTmp:          0 kB
CommitLimit:     4173776 kB
Committed_AS:    3843700 kB
VmallocTotal:     122880 kB
VmallocUsed:           0 kB
VmallocChunk:          0 kB
AnonHugePages:    657408 kB
CmaTotal:              0 kB
CmaFree:               0 kB
HugePages_Total:       0
HugePages_Free:        0
HugePages_Rsvd:        0
HugePages_Surp:        0
Hugepagesize:       2048 kB
DirectMap4k:       57336 kB
DirectMap2M:      856064 kB


CPU:total 2 (2 cores per cpu, 1 threads per core) family 6 model 69 stepping 1, cmov, cx8, fxsr, mmx, sse, sse2, sse3, ssse3, sse4.1, sse4.2, popcnt

/proc/cpuinfo:
processor	: 0
vendor_id	: GenuineIntel
cpu family	: 6
model		: 69
model name	: Intel(R) Core(TM) i5-4258U CPU @ 2.40GHz
stepping	: 1
cpu MHz		: 2399.998
cache size	: 3072 KB
physical id	: 0
siblings	: 2
core id		: 0
cpu cores	: 2
apicid		: 0
initial apicid	: 0
fdiv_bug	: no
f00f_bug	: no
coma_bug	: no
fpu		: yes
fpu_exception	: yes
cpuid level	: 13
wp		: yes
flags		: fpu vme de pse tsc msr pae mce cx8 apic sep mtrr pge mca cmov pat pse36 clflush mmx fxsr sse sse2 ht nx rdtscp constant_tsc xtopology nonstop_tsc pni pclmulqdq ssse3 cx16 sse4_1 sse4_2 movbe popcnt aes xsave avx rdrand hypervisor lahf_lm abm
bugs		:
bogomips	: 4799.99
clflush size	: 64
cache_alignment	: 64
address sizes	: 39 bits physical, 48 bits virtual
power management:

processor	: 1
vendor_id	: GenuineIntel
cpu family	: 6
model		: 69
model name	: Intel(R) Core(TM) i5-4258U CPU @ 2.40GHz
stepping	: 1
cpu MHz		: 2399.998
cache size	: 3072 KB
physical id	: 0
siblings	: 2
core id		: 1
cpu cores	: 2
apicid		: 1
initial apicid	: 1
fdiv_bug	: no
f00f_bug	: no
coma_bug	: no
fpu		: yes
fpu_exception	: yes
cpuid level	: 13
wp		: yes
flags		: fpu vme de pse tsc msr pae mce cx8 apic sep mtrr pge mca cmov pat pse36 clflush mmx fxsr sse sse2 ht nx rdtscp constant_tsc xtopology nonstop_tsc pni pclmulqdq ssse3 cx16 sse4_1 sse4_2 movbe popcnt aes xsave avx rdrand hypervisor lahf_lm abm
bugs		:
bogomips	: 4799.99
clflush size	: 64
cache_alignment	: 64
address sizes	: 39 bits physical, 48 bits virtual
power management:



Memory: 4k page, physical 2062248k(197548k free), swap 3142652k(3140956k free)

vm_info: Java HotSpot(TM) Server VM (20.45-b01) for linux-x86 JRE (1.6.0_45-b06), built on Mar 26 2013 13:50:03 by "java_re" with gcc 3.2.1-7a (J2SE release)

time: Fri Jun  2 17:44:00 2017
elapsed time: 2 seconds

