#
# A fatal error has been detected by the Java Runtime Environment:
#
#  SIGSEGV (0xb) at pc=0x6e42ffdb, pid=3600, tid=3062606656
#
# JRE version: 6.0_45-b06
# Java VM: Java HotSpot(TM) Server VM (20.45-b01 mixed mode linux-x86 )
# Problematic frame:
# C  [libpolkaMPQ.so+0x19fdb]  pk_widening+0x1eb
#
# If you would like to submit a bug report, please visit:
#   http://java.sun.com/webapps/bugreport/crash.jsp
# The crash happened outside the Java Virtual Machine in native code.
# See problematic frame for where to report the bug.
#

---------------  T H R E A D  ---------------

Current thread (0xb6705c00):  JavaThread "main" [_thread_in_native, id=3606, stack(0xb686a000,0xb68bb000)]

siginfo:si_signo=SIGSEGV: si_errno=0, si_code=1 (SEGV_MAPERR), si_addr=0x00000008

Registers:
EAX=0x00000000, EBX=0x6e43e000, ECX=0xb6700010, EDX=0x00000001
ESP=0xb68b92c8, EBP=0x6de37e00, ESI=0x00000001, EDI=0x6de3d130
EIP=0x6e42ffdb, EFLAGS=0x00210286, CR2=0x00000008

Top of Stack: (sp=0xb68b92c8)
0xb68b92c8:   00000000 6e302028 b7114cc8 b6704ea0
0xb68b92d8:   b6705c00 6de3d210 b6ed0711 b6705e58
0xb68b92e8:   b68b937f 6de37e00 6de38530 6e3bb8e8
0xb68b92f8:   b6704ea0 b6704ea8 00000001 00000000
0xb68b9308:   6de3d258 6e3c3648 6e77c268 b77437a2
0xb68b9318:   00000001 30e52e00 00000001 00000005
0xb68b9328:   6e42fdf9 6e0fe000 6de3d110 6e3c3648
0xb68b9338:   6de38df8 6dfcc19f 6e3c3648 6de38530 

Instructions: (pc=0x6e42ffdb)
0x6e42ffbb:   c6 8b 44 24 28 ff 70 14 ff 70 10 e8 d5 ad fe ff
0x6e42ffcb:   8b 6c 24 2c 89 44 24 48 83 c4 0c 8b 45 00 6a 00
0x6e42ffdb:   ff 70 08 8b 7c 24 30 8b 40 04 03 47 08 83 e8 01
0x6e42ffeb:   50 e8 cf ae fe ff 8b 4c 24 48 83 c4 0c 89 01 6a 

Register to memory mapping:

EAX=0x00000000 is an unknown value
EBX=0x6e43e000: <offset 0x28000> in /home/sae/apron/newpolka/libpolkaMPQ.so at 0x6e416000
ECX=0xb6700010 is an unknown value
EDX=0x00000001 is an unknown value
ESP=0xb68b92c8 is pointing into the stack for thread: 0xb6705c00
EBP=0x6de37e00 is an unknown value
ESI=0x00000001 is an unknown value
EDI=0x6de3d130 is an unknown value


Stack: [0xb686a000,0xb68bb000],  sp=0xb68b92c8,  free space=316k
Native frames: (J=compiled Java code, j=interpreted, Vv=VM code, C=native code)
C  [libpolkaMPQ.so+0x19fdb]  pk_widening+0x1eb

Java frames: (J=compiled Java code, j=interpreted, Vv=VM code)
j  apron.Abstract0.widening(Lapron/Manager;Lapron/Abstract0;)Lapron/Abstract0;+0
j  apron.Abstract1.widening(Lapron/Manager;Lapron/Abstract1;)Lapron/Abstract1;+25
j  ch.ethz.sae.Analysis.merge(Lsoot/Unit;Lch/ethz/sae/AWrapper;Lch/ethz/sae/AWrapper;Lch/ethz/sae/AWrapper;)V+76
j  ch.ethz.sae.Analysis.merge(Ljava/lang/Object;Ljava/lang/Object;Ljava/lang/Object;Ljava/lang/Object;)V+18
j  soot.toolkits.scalar.ForwardBranchedFlowAnalysis.doAnalysis()V+949
j  ch.ethz.sae.Analysis.run()V+1
j  ch.ethz.sae.Verifier.main([Ljava/lang/String;)V+104
j  UnitTests.Test()V+23
v  ~StubRoutines::call_stub
j  sun.reflect.NativeMethodAccessorImpl.invoke0(Ljava/lang/reflect/Method;Ljava/lang/Object;[Ljava/lang/Object;)Ljava/lang/Object;+0
j  sun.reflect.NativeMethodAccessorImpl.invoke(Ljava/lang/Object;[Ljava/lang/Object;)Ljava/lang/Object;+87
j  sun.reflect.DelegatingMethodAccessorImpl.invoke(Ljava/lang/Object;[Ljava/lang/Object;)Ljava/lang/Object;+6
j  java.lang.reflect.Method.invoke(Ljava/lang/Object;[Ljava/lang/Object;)Ljava/lang/Object;+161
j  org.junit.runners.model.FrameworkMethod$1.runReflectiveCall()Ljava/lang/Object;+15
j  org.junit.internal.runners.model.ReflectiveCallable.run()Ljava/lang/Object;+1
j  org.junit.runners.model.FrameworkMethod.invokeExplosively(Ljava/lang/Object;[Ljava/lang/Object;)Ljava/lang/Object;+10
j  org.junit.internal.runners.statements.InvokeMethod.evaluate()V+12
j  org.junit.internal.runners.statements.RunBefores.evaluate()V+49
j  org.junit.runners.ParentRunner.runLeaf(Lorg/junit/runners/model/Statement;Lorg/junit/runner/Description;Lorg/junit/runner/notification/RunNotifier;)V+17
j  org.junit.runners.BlockJUnit4ClassRunner.runChild(Lorg/junit/runners/model/FrameworkMethod;Lorg/junit/runner/notification/RunNotifier;)V+32
j  org.junit.runners.BlockJUnit4ClassRunner.runChild(Ljava/lang/Object;Lorg/junit/runner/notification/RunNotifier;)V+6
j  org.junit.runners.ParentRunner$3.run()V+12
j  org.junit.runners.ParentRunner$1.schedule(Ljava/lang/Runnable;)V+1
j  org.junit.runners.ParentRunner.runChildren(Lorg/junit/runner/notification/RunNotifier;)V+40
j  org.junit.runners.ParentRunner.access$000(Lorg/junit/runners/ParentRunner;Lorg/junit/runner/notification/RunNotifier;)V+2
j  org.junit.runners.ParentRunner$2.evaluate()V+8
j  org.junit.runners.ParentRunner.run(Lorg/junit/runner/notification/RunNotifier;)V+20
j  org.junit.runners.Suite.runChild(Lorg/junit/runner/Runner;Lorg/junit/runner/notification/RunNotifier;)V+2
j  org.junit.runners.Suite.runChild(Ljava/lang/Object;Lorg/junit/runner/notification/RunNotifier;)V+6
j  org.junit.runners.ParentRunner$3.run()V+12
j  org.junit.runners.ParentRunner$1.schedule(Ljava/lang/Runnable;)V+1
j  org.junit.runners.ParentRunner.runChildren(Lorg/junit/runner/notification/RunNotifier;)V+40
j  org.junit.runners.ParentRunner.access$000(Lorg/junit/runners/ParentRunner;Lorg/junit/runner/notification/RunNotifier;)V+2
j  org.junit.runners.ParentRunner$2.evaluate()V+8
j  org.junit.runners.ParentRunner.run(Lorg/junit/runner/notification/RunNotifier;)V+20
j  org.eclipse.jdt.internal.junit4.runner.JUnit4TestReference.run(Lorg/eclipse/jdt/internal/junit/runner/TestExecution;)V+72
j  org.eclipse.jdt.internal.junit.runner.TestExecution.run([Lorg/eclipse/jdt/internal/junit/runner/ITestReference;)V+17
j  org.eclipse.jdt.internal.junit.runner.RemoteTestRunner.runTests([Ljava/lang/String;Ljava/lang/String;Lorg/eclipse/jdt/internal/junit/runner/TestExecution;)V+61
j  org.eclipse.jdt.internal.junit.runner.RemoteTestRunner.runTests(Lorg/eclipse/jdt/internal/junit/runner/TestExecution;)V+10
j  org.eclipse.jdt.internal.junit.runner.RemoteTestRunner.run()V+70
j  org.eclipse.jdt.internal.junit.runner.RemoteTestRunner.main([Ljava/lang/String;)V+14
v  ~StubRoutines::call_stub

---------------  P R O C E S S  ---------------

Java Threads: ( => current thread )
  0xb67f9400 JavaThread "ReaderThread" [_thread_in_native, id=3617, stack(0x6e77d000,0x6e7ce000)]
  0xb679a000 JavaThread "Low Memory Detector" daemon [_thread_blocked, id=3615, stack(0x6e8a0000,0x6e8f1000)]
  0xb6798400 JavaThread "C2 CompilerThread1" daemon [_thread_blocked, id=3614, stack(0x6e8f1000,0x6e972000)]
  0xb6796400 JavaThread "C2 CompilerThread0" daemon [_thread_in_native, id=3613, stack(0x6e972000,0x6e9f3000)]
  0xb6794c00 JavaThread "Signal Dispatcher" daemon [_thread_blocked, id=3612, stack(0x6e9f3000,0x6ea44000)]
  0xb6786400 JavaThread "Finalizer" daemon [_thread_blocked, id=3611, stack(0x6ec44000,0x6ec95000)]
  0xb6784c00 JavaThread "Reference Handler" daemon [_thread_blocked, id=3610, stack(0x6ec95000,0x6ece6000)]
=>0xb6705c00 JavaThread "main" [_thread_in_native, id=3606, stack(0xb686a000,0xb68bb000)]

Other Threads:
  0xb6781000 VMThread [stack: 0x6ece6000,0x6ed67000] [id=3609]
  0xb679bc00 WatcherThread [stack: 0x6e81f000,0x6e8a0000] [id=3616]

VM state:not at safepoint (normal execution)

VM Mutex/Monitor currently owned by a thread: None

Heap
 PSYoungGen      total 35584K, used 18696K [0x9e0d0000, 0xa0630000, 0xb3620000)
  eden space 32896K, 48% used [0x9e0d0000,0x9f072f68,0xa00f0000)
  from space 2688K, 99% used [0xa0390000,0xa062f3d0,0xa0630000)
  to   space 2688K, 0% used [0xa00f0000,0xa00f0000,0xa0390000)
 PSOldGen        total 43712K, used 8978K [0x73620000, 0x760d0000, 0x9e0d0000)
  object space 43712K, 20% used [0x73620000,0x73ee4880,0x760d0000)
 PSPermGen       total 16384K, used 8778K [0x6f620000, 0x70620000, 0x73620000)
  object space 16384K, 53% used [0x6f620000,0x6feb29c8,0x70620000)

Code Cache  [0xb36e0000, 0xb3920000, 0xb66e0000)
 total_blobs=236 nmethods=111 adapters=79 free_code_cache=49783296 largest_free_block=12928

Dynamic libraries:
08048000-08052000 r-xp 00000000 08:01 3409195    /opt/jdk1.6.0_45/bin/java
08052000-08053000 rwxp 00009000 08:01 3409195    /opt/jdk1.6.0_45/bin/java
0847f000-08b83000 rwxp 00000000 00:00 0          [heap]
6de00000-6de42000 rwxp 00000000 00:00 0 
6de42000-6df00000 ---p 00000000 00:00 0 
6dfa7000-6e0fc000 r-xp 00000000 08:01 6165121    /home/sae/apron/apron/libapron.so
6e0fc000-6e0fd000 ---p 00155000 08:01 6165121    /home/sae/apron/apron/libapron.so
6e0fd000-6e0fe000 r-xp 00155000 08:01 6165121    /home/sae/apron/apron/libapron.so
6e0fe000-6e100000 rwxp 00156000 08:01 6165121    /home/sae/apron/apron/libapron.so
6e100000-6e200000 rwxp 00000000 00:00 0 
6e207000-6e291000 r-xp 00000000 08:01 4462686    /usr/lib/i386-linux-gnu/libgmp.so.10.3.0
6e291000-6e292000 r-xp 00089000 08:01 4462686    /usr/lib/i386-linux-gnu/libgmp.so.10.3.0
6e292000-6e293000 rwxp 0008a000 08:01 4462686    /usr/lib/i386-linux-gnu/libgmp.so.10.3.0
6e293000-6e2fe000 r-xp 00000000 08:01 4462983    /usr/lib/i386-linux-gnu/libmpfr.so.4.1.4
6e2fe000-6e2ff000 r-xp 0006a000 08:01 4462983    /usr/lib/i386-linux-gnu/libmpfr.so.4.1.4
6e2ff000-6e300000 rwxp 0006b000 08:01 4462983    /usr/lib/i386-linux-gnu/libmpfr.so.4.1.4
6e300000-6e400000 rwxp 00000000 00:00 0 
6e416000-6e43c000 r-xp 00000000 08:01 145087     /home/sae/apron/newpolka/libpolkaMPQ.so
6e43c000-6e43d000 ---p 00026000 08:01 145087     /home/sae/apron/newpolka/libpolkaMPQ.so
6e43d000-6e43e000 r-xp 00026000 08:01 145087     /home/sae/apron/newpolka/libpolkaMPQ.so
6e43e000-6e43f000 rwxp 00027000 08:01 145087     /home/sae/apron/newpolka/libpolkaMPQ.so
6e43f000-6e600000 rwxp 00000000 00:00 0 
6e600000-6e6f4000 rwxp 00000000 00:00 0 
6e6f4000-6e700000 ---p 00000000 00:00 0 
6e716000-6e732000 r-xp 00000000 08:01 6165182    /home/sae/apron/octagons/liboctD.so
6e732000-6e733000 r-xp 0001b000 08:01 6165182    /home/sae/apron/octagons/liboctD.so
6e733000-6e734000 rwxp 0001c000 08:01 6165182    /home/sae/apron/octagons/liboctD.so
6e734000-6e75b000 r-xp 00000000 08:01 145195     /home/sae/apron/japron/libjgmp.so
6e75b000-6e75c000 r-xp 00026000 08:01 145195     /home/sae/apron/japron/libjgmp.so
6e75c000-6e75d000 rwxp 00027000 08:01 145195     /home/sae/apron/japron/libjgmp.so
6e75d000-6e77b000 r-xp 00000000 08:01 145196     /home/sae/apron/japron/libjapron.so
6e77b000-6e77c000 r-xp 0001d000 08:01 145196     /home/sae/apron/japron/libjapron.so
6e77c000-6e77d000 rwxp 0001e000 08:01 145196     /home/sae/apron/japron/libjapron.so
6e77d000-6e780000 ---p 00000000 00:00 0 
6e780000-6e7ce000 rwxp 00000000 00:00 0 
6e7ce000-6e81f000 r-xs 005b1000 08:01 5917942    /home/sae/project2/soot-2.5.0.jar
6e81f000-6e820000 ---p 00000000 00:00 0 
6e820000-6e8a0000 rwxp 00000000 00:00 0 
6e8a0000-6e8a3000 ---p 00000000 00:00 0 
6e8a3000-6e8f1000 rwxp 00000000 00:00 0 
6e8f1000-6e8f4000 ---p 00000000 00:00 0 
6e8f4000-6e972000 rwxp 00000000 00:00 0 
6e972000-6e975000 ---p 00000000 00:00 0 
6e975000-6e9f3000 rwxp 00000000 00:00 0 
6e9f3000-6e9f6000 ---p 00000000 00:00 0 
6e9f6000-6ea44000 rwxp 00000000 00:00 0 
6ea44000-6ec44000 r-xp 00000000 08:01 4465853    /usr/lib/locale/locale-archive
6ec44000-6ec47000 ---p 00000000 00:00 0 
6ec47000-6ec95000 rwxp 00000000 00:00 0 
6ec95000-6ec98000 ---p 00000000 00:00 0 
6ec98000-6ece6000 rwxp 00000000 00:00 0 
6ece6000-6ece7000 ---p 00000000 00:00 0 
6ece7000-6ed67000 rwxp 00000000 00:00 0 
6ed67000-6ef00000 r-xs 03087000 08:01 3407875    /opt/jdk1.6.0_45/jre/lib/rt.jar
6ef00000-6efff000 rwxp 00000000 00:00 0 
6efff000-6f000000 ---p 00000000 00:00 0 
6f007000-6f013000 r-xp 00000000 08:01 145173     /home/sae/apron/box/libboxD.so
6f013000-6f014000 r-xp 0000b000 08:01 145173     /home/sae/apron/box/libboxD.so
6f014000-6f015000 rwxp 0000c000 08:01 145173     /home/sae/apron/box/libboxD.so
6f015000-6f024000 r-xs 00667000 08:01 3408674    /opt/jdk1.6.0_45/jre/lib/charsets.jar
6f024000-6f027000 r-xs 00013000 08:01 3407971    /opt/jdk1.6.0_45/jre/lib/jce.jar
6f027000-6f02e000 r-xs 00096000 08:01 3407961    /opt/jdk1.6.0_45/jre/lib/jsse.jar
6f02e000-6f036000 r-xs 00115000 08:01 3408017    /opt/jdk1.6.0_45/jre/lib/resources.jar
6f036000-6f04a000 r-xp 00000000 08:01 3407925    /opt/jdk1.6.0_45/jre/lib/i386/libnet.so
6f04a000-6f04b000 rwxp 00013000 08:01 3407925    /opt/jdk1.6.0_45/jre/lib/i386/libnet.so
6f04b000-6f07f000 rwxp 00000000 00:00 0 
6f07f000-6f080000 ---p 00000000 00:00 0 
6f080000-6f100000 rwxp 00000000 00:00 0 
6f100000-6f121000 rwxp 00000000 00:00 0 
6f121000-6f200000 ---p 00000000 00:00 0 
6f200000-6f202000 r-xs 0000c000 08:01 269812     /home/sae/eclipse/plugins/org.hamcrest.core_1.3.0.v201303031735.jar
6f202000-6f208000 r-xs 00036000 08:01 1443578    /home/sae/eclipse/plugins/org.junit_4.11.0.v201303080030/junit.jar
6f208000-6f209000 ---p 00000000 00:00 0 
6f209000-6f291000 rwxp 00000000 00:00 0 
6f291000-6f2a9000 rwxp 00000000 00:00 0 
6f2a9000-6f2bf000 rwxp 00000000 00:00 0 
6f2bf000-6f3ff000 rwxp 00000000 00:00 0 
6f3ff000-6f407000 rwxp 00000000 00:00 0 
6f407000-6f41f000 rwxp 00000000 00:00 0 
6f41f000-6f435000 rwxp 00000000 00:00 0 
6f435000-6f574000 rwxp 00000000 00:00 0 
6f574000-6f588000 rwxp 00000000 00:00 0 
6f588000-6f61f000 rwxp 00000000 00:00 0 
6f61f000-70620000 rwxp 00000000 00:00 0 
70620000-73620000 rwxp 00000000 00:00 0 
73620000-760d0000 rwxp 00000000 00:00 0 
760d0000-9e0d0000 rwxp 00000000 00:00 0 
9e0d0000-a0630000 rwxp 00000000 00:00 0 
a0630000-b3620000 rwxp 00000000 00:00 0 
b3620000-b3629000 rwxp 00000000 00:00 0 
b3629000-b36e0000 rwxp 00000000 00:00 0 
b36e0000-b3920000 rwxp 00000000 00:00 0 
b3920000-b66e0000 rwxp 00000000 00:00 0 
b66e0000-b66eb000 r-xp 00000000 08:01 6030737    /lib/i386-linux-gnu/libnss_files-2.23.so
b66eb000-b66ec000 r-xp 0000a000 08:01 6030737    /lib/i386-linux-gnu/libnss_files-2.23.so
b66ec000-b66ed000 rwxp 0000b000 08:01 6030737    /lib/i386-linux-gnu/libnss_files-2.23.so
b66ed000-b66f3000 rwxp 00000000 00:00 0 
b66f3000-b66fe000 r-xp 00000000 08:01 6030747    /lib/i386-linux-gnu/libnss_nis-2.23.so
b66fe000-b66ff000 r-xp 0000a000 08:01 6030747    /lib/i386-linux-gnu/libnss_nis-2.23.so
b66ff000-b6700000 rwxp 0000b000 08:01 6030747    /lib/i386-linux-gnu/libnss_nis-2.23.so
b6700000-b67ff000 rwxp 00000000 00:00 0 
b67ff000-b6800000 ---p 00000000 00:00 0 
b6800000-b6808000 r-xp 00000000 08:01 6030733    /lib/i386-linux-gnu/libnss_compat-2.23.so
b6808000-b6809000 r-xp 00007000 08:01 6030733    /lib/i386-linux-gnu/libnss_compat-2.23.so
b6809000-b680a000 rwxp 00008000 08:01 6030733    /lib/i386-linux-gnu/libnss_compat-2.23.so
b680a000-b6821000 r-xp 00000000 08:01 6030731    /lib/i386-linux-gnu/libnsl-2.23.so
b6821000-b6822000 r-xp 00016000 08:01 6030731    /lib/i386-linux-gnu/libnsl-2.23.so
b6822000-b6823000 rwxp 00017000 08:01 6030731    /lib/i386-linux-gnu/libnsl-2.23.so
b6823000-b6825000 rwxp 00000000 00:00 0 
b6826000-b6827000 r-xs 00003000 08:01 145200     /home/sae/apron/japron/gmp.jar
b6827000-b6829000 r-xs 00013000 08:01 145201     /home/sae/apron/japron/apron.jar
b6829000-b682a000 r-xp 00739000 08:01 4465853    /usr/lib/locale/locale-archive
b682a000-b6839000 r-xp 00000000 08:01 3407921    /opt/jdk1.6.0_45/jre/lib/i386/libzip.so
b6839000-b683b000 rwxp 0000e000 08:01 3407921    /opt/jdk1.6.0_45/jre/lib/i386/libzip.so
b683b000-b685f000 r-xp 00000000 08:01 3407917    /opt/jdk1.6.0_45/jre/lib/i386/libjava.so
b685f000-b6861000 rwxp 00023000 08:01 3407917    /opt/jdk1.6.0_45/jre/lib/i386/libjava.so
b6861000-b6868000 r-xp 00000000 08:01 6030792    /lib/i386-linux-gnu/librt-2.23.so
b6868000-b6869000 r-xp 00006000 08:01 6030792    /lib/i386-linux-gnu/librt-2.23.so
b6869000-b686a000 rwxp 00007000 08:01 6030792    /lib/i386-linux-gnu/librt-2.23.so
b686a000-b686d000 ---p 00000000 00:00 0 
b686d000-b68bb000 rwxp 00000000 00:00 0 
b68bb000-b690e000 r-xp 00000000 08:01 6030710    /lib/i386-linux-gnu/libm-2.23.so
b690e000-b690f000 r-xp 00052000 08:01 6030710    /lib/i386-linux-gnu/libm-2.23.so
b690f000-b6910000 rwxp 00053000 08:01 6030710    /lib/i386-linux-gnu/libm-2.23.so
b6910000-b70c5000 r-xp 00000000 08:01 3407905    /opt/jdk1.6.0_45/jre/lib/i386/server/libjvm.so
b70c5000-b7119000 rwxp 007b5000 08:01 3407905    /opt/jdk1.6.0_45/jre/lib/i386/server/libjvm.so
b7119000-b7539000 rwxp 00000000 00:00 0 
b7539000-b76e8000 r-xp 00000000 08:01 6030640    /lib/i386-linux-gnu/libc-2.23.so
b76e8000-b76e9000 ---p 001af000 08:01 6030640    /lib/i386-linux-gnu/libc-2.23.so
b76e9000-b76eb000 r-xp 001af000 08:01 6030640    /lib/i386-linux-gnu/libc-2.23.so
b76eb000-b76ec000 rwxp 001b1000 08:01 6030640    /lib/i386-linux-gnu/libc-2.23.so
b76ec000-b76ef000 rwxp 00000000 00:00 0 
b76ef000-b76f2000 r-xp 00000000 08:01 6030664    /lib/i386-linux-gnu/libdl-2.23.so
b76f2000-b76f3000 r-xp 00002000 08:01 6030664    /lib/i386-linux-gnu/libdl-2.23.so
b76f3000-b76f4000 rwxp 00003000 08:01 6030664    /lib/i386-linux-gnu/libdl-2.23.so
b76f4000-b76fb000 r-xp 00000000 08:01 3407919    /opt/jdk1.6.0_45/jre/lib/i386/jli/libjli.so
b76fb000-b76fd000 rwxp 00006000 08:01 3407919    /opt/jdk1.6.0_45/jre/lib/i386/jli/libjli.so
b76fd000-b7716000 r-xp 00000000 08:01 6030784    /lib/i386-linux-gnu/libpthread-2.23.so
b7716000-b7717000 r-xp 00018000 08:01 6030784    /lib/i386-linux-gnu/libpthread-2.23.so
b7717000-b7718000 rwxp 00019000 08:01 6030784    /lib/i386-linux-gnu/libpthread-2.23.so
b7718000-b771a000 rwxp 00000000 00:00 0 
b771a000-b7722000 rwxs 00000000 08:01 2359323    /tmp/hsperfdata_sae/3600
b7722000-b7723000 rwxp 00000000 00:00 0 
b7723000-b7724000 r-xp 00000000 00:00 0 
b7724000-b772f000 r-xp 00000000 08:01 3407916    /opt/jdk1.6.0_45/jre/lib/i386/libverify.so
b772f000-b7730000 rwxp 0000b000 08:01 3407916    /opt/jdk1.6.0_45/jre/lib/i386/libverify.so
b7730000-b7732000 rwxp 00000000 00:00 0 
b7732000-b7734000 r--p 00000000 00:00 0          [vvar]
b7734000-b7735000 r-xp 00000000 00:00 0          [vdso]
b7735000-b7757000 r-xp 00000000 08:01 6030612    /lib/i386-linux-gnu/ld-2.23.so
b7757000-b7758000 rwxp 00000000 00:00 0 
b7758000-b7759000 r-xp 00022000 08:01 6030612    /lib/i386-linux-gnu/ld-2.23.so
b7759000-b775a000 rwxp 00023000 08:01 6030612    /lib/i386-linux-gnu/ld-2.23.so
bfb3f000-bfb61000 rwxp 00000000 00:00 0          [stack]

VM Arguments:
jvm_args: -Dfile.encoding=UTF-8 
java_command: org.eclipse.jdt.internal.junit.runner.RemoteTestRunner -version 3 -port 39959 -testLoaderClass org.eclipse.jdt.internal.junit4.runner.JUnit4TestLoader -loaderpluginname org.eclipse.jdt.junit4.runtime -classNames UnitTests
Launcher Type: SUN_STANDARD

Environment Variables:
JAVA_HOME=/opt/java-latest
PATH=/opt/java-latest/bin:/home/sae/eclipse/:/usr/local/sbin:/usr/local/bin:/usr/sbin:/usr/bin:/sbin:/bin:/usr/games:/usr/local/games:/snap/bin
LD_LIBRARY_PATH=/opt/jdk1.6.0_45/jre/lib/i386/server:/opt/jdk1.6.0_45/jre/lib/i386:/opt/jdk1.6.0_45/jre/../lib/i386:/opt/jdk1.6.0_45/jre/lib/i386/client:/opt/jdk1.6.0_45/jre/lib/i386:/home/sae/apron/box:/home/sae/apron/octagons:/home/sae/apron/newpolka:/home/sae/apron/apron:/home/sae/apron/japron:/home/sae/apron/japron/gmp
SHELL=/bin/bash
DISPLAY=:0

Signal Handlers:
SIGSEGV: [libjvm.so+0x7285f0], sa_mask[0]=0x7ffbfeff, sa_flags=0x10000004
SIGBUS: [libjvm.so+0x7285f0], sa_mask[0]=0x7ffbfeff, sa_flags=0x10000004
SIGFPE: [libjvm.so+0x5e21c0], sa_mask[0]=0x7ffbfeff, sa_flags=0x10000004
SIGPIPE: [libjvm.so+0x5e21c0], sa_mask[0]=0x7ffbfeff, sa_flags=0x10000004
SIGXFSZ: [libjvm.so+0x5e21c0], sa_mask[0]=0x7ffbfeff, sa_flags=0x10000004
SIGILL: [libjvm.so+0x5e21c0], sa_mask[0]=0x7ffbfeff, sa_flags=0x10000004
SIGUSR1: SIG_DFL, sa_mask[0]=0x00000000, sa_flags=0x00000000
SIGUSR2: [libjvm.so+0x5e5420], sa_mask[0]=0x00000004, sa_flags=0x10000004
SIGHUP: [libjvm.so+0x5e5000], sa_mask[0]=0x7ffbfeff, sa_flags=0x10000004
SIGINT: [libjvm.so+0x5e5000], sa_mask[0]=0x7ffbfeff, sa_flags=0x10000004
SIGTERM: [libjvm.so+0x5e5000], sa_mask[0]=0x7ffbfeff, sa_flags=0x10000004
SIGQUIT: [libjvm.so+0x5e5000], sa_mask[0]=0x7ffbfeff, sa_flags=0x10000004


---------------  S Y S T E M  ---------------

OS:stretch/sid

uname:Linux 4.4.0-22-generic #39-Ubuntu SMP Thu May 5 16:52:40 UTC 2016 i686
libc:glibc 2.23 NPTL 2.23 
rlimit: STACK 8192k, CORE 0k, NPROC 64508, NOFILE 65536, AS infinity
load average:0.17 0.25 0.31

/proc/meminfo:
MemTotal:        8292420 kB
MemFree:         6451088 kB
MemAvailable:    7258336 kB
Buffers:           42868 kB
Cached:           799104 kB
SwapCached:            0 kB
Active:          1331108 kB
Inactive:         416508 kB
Active(anon):     906572 kB
Inactive(anon):    25192 kB
Active(file):     424536 kB
Inactive(file):   391316 kB
Unevictable:          32 kB
Mlocked:              32 kB
HighTotal:       7475144 kB
HighFree:        5898964 kB
LowTotal:         817276 kB
LowFree:          552124 kB
SwapTotal:       3142652 kB
SwapFree:        3142652 kB
Dirty:               396 kB
Writeback:             0 kB
AnonPages:        905672 kB
Mapped:           192332 kB
Shmem:             26124 kB
Slab:              45972 kB
SReclaimable:      30240 kB
SUnreclaim:        15732 kB
KernelStack:        3848 kB
PageTables:         9412 kB
NFS_Unstable:          0 kB
Bounce:                0 kB
WritebackTmp:          0 kB
CommitLimit:     7288860 kB
Committed_AS:    3920820 kB
VmallocTotal:     122880 kB
VmallocUsed:           0 kB
VmallocChunk:          0 kB
AnonHugePages:    561152 kB
CmaTotal:              0 kB
CmaFree:               0 kB
HugePages_Total:       0
HugePages_Free:        0
HugePages_Rsvd:        0
HugePages_Surp:        0
Hugepagesize:       2048 kB
DirectMap4k:       40952 kB
DirectMap2M:      872448 kB


CPU:total 2 (2 cores per cpu, 1 threads per core) family 6 model 94 stepping 3, cmov, cx8, fxsr, mmx, sse, sse2, sse3, ssse3, sse4.1, sse4.2, popcnt

/proc/cpuinfo:
processor	: 0
vendor_id	: GenuineIntel
cpu family	: 6
model		: 94
model name	: Intel(R) Core(TM) i7-6700HQ CPU @ 2.60GHz
stepping	: 3
cpu MHz		: 2592.000
cache size	: 6144 KB
physical id	: 0
siblings	: 2
core id		: 0
cpu cores	: 2
apicid		: 0
initial apicid	: 0
fdiv_bug	: no
f00f_bug	: no
coma_bug	: no
fpu		: yes
fpu_exception	: yes
cpuid level	: 22
wp		: yes
flags		: fpu vme de pse tsc msr pae mce cx8 apic sep mtrr pge mca cmov pat pse36 clflush mmx fxsr sse sse2 ht nx rdtscp constant_tsc xtopology nonstop_tsc pni pclmulqdq ssse3 cx16 sse4_1 sse4_2 movbe popcnt aes xsave avx rdrand hypervisor lahf_lm abm 3dnowprefetch rdseed clflushopt
bugs		:
bogomips	: 5184.00
clflush size	: 64
cache_alignment	: 64
address sizes	: 39 bits physical, 48 bits virtual
power management:

processor	: 1
vendor_id	: GenuineIntel
cpu family	: 6
model		: 94
model name	: Intel(R) Core(TM) i7-6700HQ CPU @ 2.60GHz
stepping	: 3
cpu MHz		: 2592.000
cache size	: 6144 KB
physical id	: 0
siblings	: 2
core id		: 1
cpu cores	: 2
apicid		: 1
initial apicid	: 1
fdiv_bug	: no
f00f_bug	: no
coma_bug	: no
fpu		: yes
fpu_exception	: yes
cpuid level	: 22
wp		: yes
flags		: fpu vme de pse tsc msr pae mce cx8 apic sep mtrr pge mca cmov pat pse36 clflush mmx fxsr sse sse2 ht nx rdtscp constant_tsc xtopology nonstop_tsc pni pclmulqdq ssse3 cx16 sse4_1 sse4_2 movbe popcnt aes xsave avx rdrand hypervisor lahf_lm abm 3dnowprefetch rdseed clflushopt
bugs		:
bogomips	: 5184.00
clflush size	: 64
cache_alignment	: 64
address sizes	: 39 bits physical, 48 bits virtual
power management:



Memory: 4k page, physical 8292420k(6451088k free), swap 3142652k(3142652k free)

vm_info: Java HotSpot(TM) Server VM (20.45-b01) for linux-x86 JRE (1.6.0_45-b06), built on Mar 26 2013 13:50:03 by "java_re" with gcc 3.2.1-7a (J2SE release)

time: Thu Jun  1 13:01:30 2017
elapsed time: 1 seconds

