#
# A fatal error has been detected by the Java Runtime Environment:
#
#  SIGSEGV (0xb) at pc=0x8efadfdb, pid=9734, tid=3062389568
#
# JRE version: 6.0_45-b06
# Java VM: Java HotSpot(TM) Server VM (20.45-b01 mixed mode linux-x86 )
# Problematic frame:
# C  [libpolkaMPQ.so+0x19fdb]  pk_widening+0x1eb
#
# If you would like to submit a bug report, please visit:
#   http://java.sun.com/webapps/bugreport/crash.jsp
# The crash happened outside the Java Virtual Machine in native code.
# See problematic frame for where to report the bug.
#

---------------  T H R E A D  ---------------

Current thread (0xb6707000):  JavaThread "main" [_thread_in_native, id=9740, stack(0xb6835000,0xb6886000)]

siginfo:si_signo=SIGSEGV: si_errno=0, si_code=1 (SEGV_MAPERR), si_addr=0x00000008

Registers:
EAX=0x00000000, EBX=0x8efbc000, ECX=0xb6700010, EDX=0x00000001
ESP=0xb6884d48, EBP=0x8ebc4638, ESI=0x00000001, EDI=0x8eb554c0
EIP=0x8efadfdb, EFLAGS=0x00210282, CR2=0x00000008

Top of Stack: (sp=0xb6884d48)
0xb6884d48:   00000000 8ecff680 b70dfcc8 b6706358
0xb6884d58:   8eb55488 8eb554d0 00000002 8eb554d8
0xb6884d68:   00000001 8ebc4638 8eb54e18 8edf7d58
0xb6884d78:   b6706358 b6706360 00000001 00000000
0xb6884d88:   8eb55460 8ebf38c0 8f74a268 b770e7a2
0xb6884d98:   8ea16ca0 0d117500 00000001 00000005
0xb6884da8:   8efaddf9 8e7fe000 8eb553e8 8ebf38c0
0xb6884db8:   8ebb09c8 8e6cc19f 8ebf38c0 8eb54e18 

Instructions: (pc=0x8efadfdb)
0x8efadfbb:   c6 8b 44 24 28 ff 70 14 ff 70 10 e8 d5 ad fe ff
0x8efadfcb:   8b 6c 24 2c 89 44 24 48 83 c4 0c 8b 45 00 6a 00
0x8efadfdb:   ff 70 08 8b 7c 24 30 8b 40 04 03 47 08 83 e8 01
0x8efadfeb:   50 e8 cf ae fe ff 8b 4c 24 48 83 c4 0c 89 01 6a 

Register to memory mapping:

EAX=0x00000000 is an unknown value
EBX=0x8efbc000: <offset 0x28000> in /home/sae/apron/newpolka/libpolkaMPQ.so at 0x8ef94000
ECX=0xb6700010 is an unknown value
EDX=0x00000001 is an unknown value
ESP=0xb6884d48 is pointing into the stack for thread: 0xb6707000
EBP=0x8ebc4638 is an unknown value
ESI=0x00000001 is an unknown value
EDI=0x8eb554c0 is an unknown value


Stack: [0xb6835000,0xb6886000],  sp=0xb6884d48,  free space=319k
Native frames: (J=compiled Java code, j=interpreted, Vv=VM code, C=native code)
C  [libpolkaMPQ.so+0x19fdb]  pk_widening+0x1eb

Java frames: (J=compiled Java code, j=interpreted, Vv=VM code)
j  apron.Abstract0.widening(Lapron/Manager;Lapron/Abstract0;)Lapron/Abstract0;+0
j  apron.Abstract1.widening(Lapron/Manager;Lapron/Abstract1;)Lapron/Abstract1;+25
j  ch.ethz.sae.Analysis.merge(Lsoot/Unit;Lch/ethz/sae/AWrapper;Lch/ethz/sae/AWrapper;Lch/ethz/sae/AWrapper;)V+105
j  ch.ethz.sae.Analysis.merge(Ljava/lang/Object;Ljava/lang/Object;Ljava/lang/Object;Ljava/lang/Object;)V+18
j  soot.toolkits.scalar.ForwardBranchedFlowAnalysis.doAnalysis()V+949
j  ch.ethz.sae.Analysis.run()V+1
j  ch.ethz.sae.Verifier.main([Ljava/lang/String;)V+103
v  ~StubRoutines::call_stub

---------------  P R O C E S S  ---------------

Java Threads: ( => current thread )
  0xb67aec00 JavaThread "Low Memory Detector" daemon [_thread_blocked, id=9757, stack(0x8f0ad000,0x8f0fe000)]
  0xb67a3800 JavaThread "C2 CompilerThread1" daemon [_thread_blocked, id=9756, stack(0x8f0fe000,0x8f17f000)]
  0xb67a1800 JavaThread "C2 CompilerThread0" daemon [_thread_in_native, id=9755, stack(0x8f17f000,0x8f200000)]
  0x09549800 JavaThread "JDWP Command Reader" daemon [_thread_in_native, id=9753, stack(0x8f200000,0x8f251000)]
  0xb67a0000 JavaThread "JDWP Event Helper Thread" daemon [_thread_blocked, id=9752, stack(0x8f251000,0x8f2a2000)]
  0xb679d800 JavaThread "JDWP Transport Listener: dt_socket" daemon [_thread_blocked, id=9749, stack(0x8f2a2000,0x8f2f3000)]
  0xb6795c00 JavaThread "Signal Dispatcher" daemon [_thread_blocked, id=9747, stack(0x8f2f3000,0x8f344000)]
  0xb6787800 JavaThread "Finalizer" daemon [_thread_blocked, id=9746, stack(0x8f344000,0x8f395000)]
  0xb6786000 JavaThread "Reference Handler" daemon [_thread_blocked, id=9745, stack(0x8f395000,0x8f3e6000)]
=>0xb6707000 JavaThread "main" [_thread_in_native, id=9740, stack(0xb6835000,0xb6886000)]

Other Threads:
  0xb6782400 VMThread [stack: 0x8f3e6000,0x8f467000] [id=9744]
  0xb67b0800 WatcherThread [stack: 0x8f02c000,0x8f0ad000] [id=9758]

VM state:not at safepoint (normal execution)

VM Mutex/Monitor currently owned by a thread: None

Heap
 PSYoungGen      total 17472K, used 9648K [0xa8b90000, 0xaadb0000, 0xb3390000)
  eden space 16128K, 51% used [0xa8b90000,0xa93adfe8,0xa9b50000)
  from space 1344K, 99% used [0xa9b50000,0xa9c9e040,0xa9ca0000)
  to   space 1344K, 0% used [0xaac60000,0xaac60000,0xaadb0000)
 PSOldGen        total 21504K, used 9864K [0x93b90000, 0x95090000, 0xa8b90000)
  object space 21504K, 45% used [0x93b90000,0x94532080,0x95090000)
 PSPermGen       total 16384K, used 6631K [0x8fb90000, 0x90b90000, 0x93b90000)
  object space 16384K, 40% used [0x8fb90000,0x90209d50,0x90b90000)

Code Cache  [0xb3459000, 0xb3699000, 0xb6459000)
 total_blobs=191 nmethods=88 adapters=65 free_code_cache=49784128 largest_free_block=19200

Dynamic libraries:
08048000-08052000 r-xp 00000000 08:01 3409195    /opt/jdk1.6.0_45/bin/java
08052000-08053000 rwxp 00009000 08:01 3409195    /opt/jdk1.6.0_45/bin/java
09548000-09cc7000 rwxp 00000000 00:00 0          [heap]
8e61b000-8e6a5000 r-xp 00000000 08:01 4462686    /usr/lib/i386-linux-gnu/libgmp.so.10.3.0
8e6a5000-8e6a6000 r-xp 00089000 08:01 4462686    /usr/lib/i386-linux-gnu/libgmp.so.10.3.0
8e6a6000-8e6a7000 rwxp 0008a000 08:01 4462686    /usr/lib/i386-linux-gnu/libgmp.so.10.3.0
8e6a7000-8e7fc000 r-xp 00000000 08:01 6165121    /home/sae/apron/apron/libapron.so
8e7fc000-8e7fd000 ---p 00155000 08:01 6165121    /home/sae/apron/apron/libapron.so
8e7fd000-8e7fe000 r-xp 00155000 08:01 6165121    /home/sae/apron/apron/libapron.so
8e7fe000-8e800000 rwxp 00156000 08:01 6165121    /home/sae/apron/apron/libapron.so
8e800000-8e8fd000 rwxp 00000000 00:00 0 
8e8fd000-8e900000 ---p 00000000 00:00 0 
8e900000-8e943000 rwxp 00000000 00:00 0 
8e943000-8ea00000 ---p 00000000 00:00 0 
8ea00000-8eaf3000 rwxp 00000000 00:00 0 
8eaf3000-8eb00000 ---p 00000000 00:00 0 
8eb00000-8ebf4000 rwxp 00000000 00:00 0 
8ebf4000-8ec00000 ---p 00000000 00:00 0 
8ec00000-8edf8000 rwxp 00000000 00:00 0 
8edf8000-8ee00000 ---p 00000000 00:00 0 
8ee00000-8eefd000 rwxp 00000000 00:00 0 
8eefd000-8ef00000 ---p 00000000 00:00 0 
8ef11000-8ef7c000 r-xp 00000000 08:01 4462983    /usr/lib/i386-linux-gnu/libmpfr.so.4.1.4
8ef7c000-8ef7d000 r-xp 0006a000 08:01 4462983    /usr/lib/i386-linux-gnu/libmpfr.so.4.1.4
8ef7d000-8ef7e000 rwxp 0006b000 08:01 4462983    /usr/lib/i386-linux-gnu/libmpfr.so.4.1.4
8ef94000-8efba000 r-xp 00000000 08:01 145087     /home/sae/apron/newpolka/libpolkaMPQ.so
8efba000-8efbb000 ---p 00026000 08:01 145087     /home/sae/apron/newpolka/libpolkaMPQ.so
8efbb000-8efbc000 r-xp 00026000 08:01 145087     /home/sae/apron/newpolka/libpolkaMPQ.so
8efbc000-8efbd000 rwxp 00027000 08:01 145087     /home/sae/apron/newpolka/libpolkaMPQ.so
8efbd000-8efd9000 r-xp 00000000 08:01 6165182    /home/sae/apron/octagons/liboctD.so
8efd9000-8efda000 r-xp 0001b000 08:01 6165182    /home/sae/apron/octagons/liboctD.so
8efda000-8efdb000 rwxp 0001c000 08:01 6165182    /home/sae/apron/octagons/liboctD.so
8efdb000-8f02c000 r-xs 005b1000 08:01 270146     /home/sae/project2/soot-2.5.0.jar
8f02c000-8f02d000 ---p 00000000 00:00 0 
8f02d000-8f0ad000 rwxp 00000000 00:00 0 
8f0ad000-8f0b0000 ---p 00000000 00:00 0 
8f0b0000-8f0fe000 rwxp 00000000 00:00 0 
8f0fe000-8f101000 ---p 00000000 00:00 0 
8f101000-8f17f000 rwxp 00000000 00:00 0 
8f17f000-8f182000 ---p 00000000 00:00 0 
8f182000-8f200000 rwxp 00000000 00:00 0 
8f200000-8f203000 ---p 00000000 00:00 0 
8f203000-8f251000 rwxp 00000000 00:00 0 
8f251000-8f254000 ---p 00000000 00:00 0 
8f254000-8f2a2000 rwxp 00000000 00:00 0 
8f2a2000-8f2a5000 ---p 00000000 00:00 0 
8f2a5000-8f2f3000 rwxp 00000000 00:00 0 
8f2f3000-8f2f6000 ---p 00000000 00:00 0 
8f2f6000-8f344000 rwxp 00000000 00:00 0 
8f344000-8f347000 ---p 00000000 00:00 0 
8f347000-8f395000 rwxp 00000000 00:00 0 
8f395000-8f398000 ---p 00000000 00:00 0 
8f398000-8f3e6000 rwxp 00000000 00:00 0 
8f3e6000-8f3e7000 ---p 00000000 00:00 0 
8f3e7000-8f467000 rwxp 00000000 00:00 0 
8f467000-8f600000 r-xs 03087000 08:01 3407875    /opt/jdk1.6.0_45/jre/lib/rt.jar
8f600000-8f621000 rwxp 00000000 00:00 0 
8f621000-8f700000 ---p 00000000 00:00 0 
8f702000-8f729000 r-xp 00000000 08:01 145195     /home/sae/apron/japron/libjgmp.so
8f729000-8f72a000 r-xp 00026000 08:01 145195     /home/sae/apron/japron/libjgmp.so
8f72a000-8f72b000 rwxp 00027000 08:01 145195     /home/sae/apron/japron/libjgmp.so
8f72b000-8f749000 r-xp 00000000 08:01 145196     /home/sae/apron/japron/libjapron.so
8f749000-8f74a000 r-xp 0001d000 08:01 145196     /home/sae/apron/japron/libjapron.so
8f74a000-8f74b000 rwxp 0001e000 08:01 145196     /home/sae/apron/japron/libjapron.so
8f74b000-8f77f000 rwxp 00000000 00:00 0 
8f77f000-8f780000 ---p 00000000 00:00 0 
8f780000-8f800000 rwxp 00000000 00:00 0 
8f800000-8f821000 rwxp 00000000 00:00 0 
8f821000-8f900000 ---p 00000000 00:00 0 
8f907000-8f913000 r-xp 00000000 08:01 145173     /home/sae/apron/box/libboxD.so
8f913000-8f914000 r-xp 0000b000 08:01 145173     /home/sae/apron/box/libboxD.so
8f914000-8f915000 rwxp 0000c000 08:01 145173     /home/sae/apron/box/libboxD.so
8f915000-8f91b000 r-xs 00036000 08:01 1443578    /home/sae/eclipse/plugins/org.junit_4.11.0.v201303080030/junit.jar
8f91b000-8f92a000 r-xs 00667000 08:01 3408674    /opt/jdk1.6.0_45/jre/lib/charsets.jar
8f92a000-8f92b000 ---p 00000000 00:00 0 
8f92b000-8f9b3000 rwxp 00000000 00:00 0 
8f9b3000-8f9cb000 rwxp 00000000 00:00 0 
8f9cb000-8f9d6000 rwxp 00000000 00:00 0 
8f9d6000-8fa73000 rwxp 00000000 00:00 0 
8fa73000-8fa7b000 rwxp 00000000 00:00 0 
8fa7b000-8fa93000 rwxp 00000000 00:00 0 
8fa93000-8fa9e000 rwxp 00000000 00:00 0 
8fa9e000-8fb3b000 rwxp 00000000 00:00 0 
8fb3b000-8fb4d000 rwxp 00000000 00:00 0 
8fb4d000-8fb8f000 rwxp 00000000 00:00 0 
8fb8f000-90b90000 rwxp 00000000 00:00 0 
90b90000-93b90000 rwxp 00000000 00:00 0 
93b90000-95090000 rwxp 00000000 00:00 0 
95090000-a8b90000 rwxp 00000000 00:00 0 
a8b90000-aadb0000 rwxp 00000000 00:00 0 
aadb0000-b3390000 rwxp 00000000 00:00 0 
b3392000-b3399000 r-xs 00096000 08:01 3407961    /opt/jdk1.6.0_45/jre/lib/jsse.jar
b3399000-b33a2000 rwxp 00000000 00:00 0 
b33a2000-b3459000 rwxp 00000000 00:00 0 
b3459000-b3699000 rwxp 00000000 00:00 0 
b3699000-b6459000 rwxp 00000000 00:00 0 
b6459000-b6468000 r-xp 00000000 08:01 3407921    /opt/jdk1.6.0_45/jre/lib/i386/libzip.so
b6468000-b646a000 rwxp 0000e000 08:01 3407921    /opt/jdk1.6.0_45/jre/lib/i386/libzip.so
b646a000-b6475000 r-xp 00000000 08:01 6039024    /lib/i386-linux-gnu/libnss_files-2.23.so
b6475000-b6476000 r-xp 0000a000 08:01 6039024    /lib/i386-linux-gnu/libnss_files-2.23.so
b6476000-b6477000 rwxp 0000b000 08:01 6039024    /lib/i386-linux-gnu/libnss_files-2.23.so
b6477000-b647d000 rwxp 00000000 00:00 0 
b647d000-b6488000 r-xp 00000000 08:01 6039017    /lib/i386-linux-gnu/libnss_nis-2.23.so
b6488000-b6489000 r-xp 0000a000 08:01 6039017    /lib/i386-linux-gnu/libnss_nis-2.23.so
b6489000-b648a000 rwxp 0000b000 08:01 6039017    /lib/i386-linux-gnu/libnss_nis-2.23.so
b648a000-b6492000 r-xp 00000000 08:01 6039025    /lib/i386-linux-gnu/libnss_compat-2.23.so
b6492000-b6493000 r-xp 00007000 08:01 6039025    /lib/i386-linux-gnu/libnss_compat-2.23.so
b6493000-b6494000 rwxp 00008000 08:01 6039025    /lib/i386-linux-gnu/libnss_compat-2.23.so
b6494000-b6694000 r-xp 00000000 08:01 4457996    /usr/lib/locale/locale-archive
b6694000-b66ce000 r-xp 00000000 08:01 3407954    /opt/jdk1.6.0_45/jre/lib/i386/libjdwp.so
b66ce000-b66cf000 rwxp 00039000 08:01 3407954    /opt/jdk1.6.0_45/jre/lib/i386/libjdwp.so
b66cf000-b66e6000 r-xp 00000000 08:01 6039019    /lib/i386-linux-gnu/libnsl-2.23.so
b66e6000-b66e7000 r-xp 00016000 08:01 6039019    /lib/i386-linux-gnu/libnsl-2.23.so
b66e7000-b66e8000 rwxp 00017000 08:01 6039019    /lib/i386-linux-gnu/libnsl-2.23.so
b66e8000-b66ea000 rwxp 00000000 00:00 0 
b66ed000-b66f0000 r-xs 00013000 08:01 3407971    /opt/jdk1.6.0_45/jre/lib/jce.jar
b66f0000-b66f8000 r-xs 00115000 08:01 3408017    /opt/jdk1.6.0_45/jre/lib/resources.jar
b66f8000-b6700000 rwxs 00000000 08:01 2359314    /tmp/hsperfdata_sae/9734
b6700000-b67fc000 rwxp 00000000 00:00 0 
b67fc000-b6800000 ---p 00000000 00:00 0 
b6800000-b6802000 r-xs 0000c000 08:01 269812     /home/sae/eclipse/plugins/org.hamcrest.core_1.3.0.v201303031735.jar
b6802000-b6805000 r-xp 00000000 08:01 3407955    /opt/jdk1.6.0_45/jre/lib/i386/libdt_socket.so
b6805000-b6806000 rwxp 00003000 08:01 3407955    /opt/jdk1.6.0_45/jre/lib/i386/libdt_socket.so
b6806000-b682a000 r-xp 00000000 08:01 3407917    /opt/jdk1.6.0_45/jre/lib/i386/libjava.so
b682a000-b682c000 rwxp 00023000 08:01 3407917    /opt/jdk1.6.0_45/jre/lib/i386/libjava.so
b682c000-b6833000 r-xp 00000000 08:01 6039026    /lib/i386-linux-gnu/librt-2.23.so
b6833000-b6834000 r-xp 00006000 08:01 6039026    /lib/i386-linux-gnu/librt-2.23.so
b6834000-b6835000 rwxp 00007000 08:01 6039026    /lib/i386-linux-gnu/librt-2.23.so
b6835000-b6838000 ---p 00000000 00:00 0 
b6838000-b6886000 rwxp 00000000 00:00 0 
b6886000-b68d9000 r-xp 00000000 08:01 6039018    /lib/i386-linux-gnu/libm-2.23.so
b68d9000-b68da000 r-xp 00052000 08:01 6039018    /lib/i386-linux-gnu/libm-2.23.so
b68da000-b68db000 rwxp 00053000 08:01 6039018    /lib/i386-linux-gnu/libm-2.23.so
b68db000-b7090000 r-xp 00000000 08:01 3407905    /opt/jdk1.6.0_45/jre/lib/i386/server/libjvm.so
b7090000-b70e4000 rwxp 007b5000 08:01 3407905    /opt/jdk1.6.0_45/jre/lib/i386/server/libjvm.so
b70e4000-b7504000 rwxp 00000000 00:00 0 
b7504000-b76b3000 r-xp 00000000 08:01 6039020    /lib/i386-linux-gnu/libc-2.23.so
b76b3000-b76b4000 ---p 001af000 08:01 6039020    /lib/i386-linux-gnu/libc-2.23.so
b76b4000-b76b6000 r-xp 001af000 08:01 6039020    /lib/i386-linux-gnu/libc-2.23.so
b76b6000-b76b7000 rwxp 001b1000 08:01 6039020    /lib/i386-linux-gnu/libc-2.23.so
b76b7000-b76ba000 rwxp 00000000 00:00 0 
b76ba000-b76bd000 r-xp 00000000 08:01 6039016    /lib/i386-linux-gnu/libdl-2.23.so
b76bd000-b76be000 r-xp 00002000 08:01 6039016    /lib/i386-linux-gnu/libdl-2.23.so
b76be000-b76bf000 rwxp 00003000 08:01 6039016    /lib/i386-linux-gnu/libdl-2.23.so
b76bf000-b76c6000 r-xp 00000000 08:01 3407919    /opt/jdk1.6.0_45/jre/lib/i386/jli/libjli.so
b76c6000-b76c8000 rwxp 00006000 08:01 3407919    /opt/jdk1.6.0_45/jre/lib/i386/jli/libjli.so
b76c8000-b76e1000 r-xp 00000000 08:01 6039030    /lib/i386-linux-gnu/libpthread-2.23.so
b76e1000-b76e2000 r-xp 00018000 08:01 6039030    /lib/i386-linux-gnu/libpthread-2.23.so
b76e2000-b76e3000 rwxp 00019000 08:01 6039030    /lib/i386-linux-gnu/libpthread-2.23.so
b76e3000-b76e5000 rwxp 00000000 00:00 0 
b76e5000-b76e6000 r-xs 00003000 08:01 145200     /home/sae/apron/japron/gmp.jar
b76e6000-b76e8000 r-xs 00013000 08:01 145201     /home/sae/apron/japron/apron.jar
b76e8000-b76e9000 r-xp 002cc000 08:01 4457996    /usr/lib/locale/locale-archive
b76e9000-b76ec000 r-xp 00000000 08:01 3407922    /opt/jdk1.6.0_45/jre/lib/i386/libnpt.so
b76ec000-b76ed000 rwxp 00002000 08:01 3407922    /opt/jdk1.6.0_45/jre/lib/i386/libnpt.so
b76ed000-b76ee000 rwxp 00000000 00:00 0 
b76ee000-b76ef000 r-xp 00000000 00:00 0 
b76ef000-b76fa000 r-xp 00000000 08:01 3407916    /opt/jdk1.6.0_45/jre/lib/i386/libverify.so
b76fa000-b76fb000 rwxp 0000b000 08:01 3407916    /opt/jdk1.6.0_45/jre/lib/i386/libverify.so
b76fb000-b76fd000 rwxp 00000000 00:00 0 
b76fd000-b76ff000 r--p 00000000 00:00 0          [vvar]
b76ff000-b7700000 r-xp 00000000 00:00 0          [vdso]
b7700000-b7722000 r-xp 00000000 08:01 6039021    /lib/i386-linux-gnu/ld-2.23.so
b7722000-b7723000 rwxp 00000000 00:00 0 
b7723000-b7724000 r-xp 00022000 08:01 6039021    /lib/i386-linux-gnu/ld-2.23.so
b7724000-b7725000 rwxp 00023000 08:01 6039021    /lib/i386-linux-gnu/ld-2.23.so
bf898000-bf8ba000 rwxp 00000000 00:00 0          [stack]

VM Arguments:
jvm_args: -agentlib:jdwp=transport=dt_socket,suspend=y,address=localhost:46446 -Dfile.encoding=UTF-8 
java_command: ch.ethz.sae.Verifier Test_1
Launcher Type: SUN_STANDARD

Environment Variables:
JAVA_HOME=/opt/java-latest
PATH=/opt/java-latest/bin:/home/sae/eclipse/:/usr/local/sbin:/usr/local/bin:/usr/sbin:/usr/bin:/sbin:/bin:/usr/games:/usr/local/games:/snap/bin
LD_LIBRARY_PATH=/opt/jdk1.6.0_45/jre/lib/i386/server:/opt/jdk1.6.0_45/jre/lib/i386:/opt/jdk1.6.0_45/jre/../lib/i386:/opt/jdk1.6.0_45/jre/lib/i386/client:/opt/jdk1.6.0_45/jre/lib/i386:/home/sae/apron/box:/home/sae/apron/octagons:/home/sae/apron/newpolka:/home/sae/apron/apron:/home/sae/apron/japron:/home/sae/apron/japron/gmp
SHELL=/bin/bash
DISPLAY=:0

Signal Handlers:
SIGSEGV: [libjvm.so+0x7285f0], sa_mask[0]=0x7ffbfeff, sa_flags=0x10000004
SIGBUS: [libjvm.so+0x7285f0], sa_mask[0]=0x7ffbfeff, sa_flags=0x10000004
SIGFPE: [libjvm.so+0x5e21c0], sa_mask[0]=0x7ffbfeff, sa_flags=0x10000004
SIGPIPE: [libjvm.so+0x5e21c0], sa_mask[0]=0x7ffbfeff, sa_flags=0x10000004
SIGXFSZ: [libjvm.so+0x5e21c0], sa_mask[0]=0x7ffbfeff, sa_flags=0x10000004
SIGILL: [libjvm.so+0x5e21c0], sa_mask[0]=0x7ffbfeff, sa_flags=0x10000004
SIGUSR1: SIG_DFL, sa_mask[0]=0x00000000, sa_flags=0x00000000
SIGUSR2: [libjvm.so+0x5e5420], sa_mask[0]=0x00000004, sa_flags=0x10000004
SIGHUP: [libjvm.so+0x5e5000], sa_mask[0]=0x7ffbfeff, sa_flags=0x10000004
SIGINT: [libjvm.so+0x5e5000], sa_mask[0]=0x7ffbfeff, sa_flags=0x10000004
SIGTERM: [libjvm.so+0x5e5000], sa_mask[0]=0x7ffbfeff, sa_flags=0x10000004
SIGQUIT: [libjvm.so+0x5e5000], sa_mask[0]=0x7ffbfeff, sa_flags=0x10000004


---------------  S Y S T E M  ---------------

OS:stretch/sid

uname:Linux 4.4.0-78-generic #99-Ubuntu SMP Thu Apr 27 15:28:22 UTC 2017 i686
libc:glibc 2.23 NPTL 2.23 
rlimit: STACK 8192k, CORE 0k, NPROC 15831, NOFILE 65536, AS infinity
load average:0.32 0.29 0.53

/proc/meminfo:
MemTotal:        2062248 kB
MemFree:          238168 kB
MemAvailable:     835268 kB
Buffers:           60840 kB
Cached:           756588 kB
SwapCached:          408 kB
Active:          1270780 kB
Inactive:         465060 kB
Active(anon):     793252 kB
Inactive(anon):   158600 kB
Active(file):     477528 kB
Inactive(file):   306460 kB
Unevictable:          32 kB
Mlocked:              32 kB
HighTotal:       1183688 kB
HighFree:          83136 kB
LowTotal:         878560 kB
LowFree:          155032 kB
SwapTotal:       3142652 kB
SwapFree:        3140948 kB
Dirty:                92 kB
Writeback:             0 kB
AnonPages:        918040 kB
Mapped:           210368 kB
Shmem:             33444 kB
Slab:              51144 kB
SReclaimable:      36612 kB
SUnreclaim:        14532 kB
KernelStack:        3528 kB
PageTables:         9224 kB
NFS_Unstable:          0 kB
Bounce:                0 kB
WritebackTmp:          0 kB
CommitLimit:     4173776 kB
Committed_AS:    3811732 kB
VmallocTotal:     122880 kB
VmallocUsed:           0 kB
VmallocChunk:          0 kB
AnonHugePages:    641024 kB
CmaTotal:              0 kB
CmaFree:               0 kB
HugePages_Total:       0
HugePages_Free:        0
HugePages_Rsvd:        0
HugePages_Surp:        0
Hugepagesize:       2048 kB
DirectMap4k:       57336 kB
DirectMap2M:      856064 kB


CPU:total 2 (2 cores per cpu, 1 threads per core) family 6 model 69 stepping 1, cmov, cx8, fxsr, mmx, sse, sse2, sse3, ssse3, sse4.1, sse4.2, popcnt

/proc/cpuinfo:
processor	: 0
vendor_id	: GenuineIntel
cpu family	: 6
model		: 69
model name	: Intel(R) Core(TM) i5-4258U CPU @ 2.40GHz
stepping	: 1
cpu MHz		: 2399.998
cache size	: 3072 KB
physical id	: 0
siblings	: 2
core id		: 0
cpu cores	: 2
apicid		: 0
initial apicid	: 0
fdiv_bug	: no
f00f_bug	: no
coma_bug	: no
fpu		: yes
fpu_exception	: yes
cpuid level	: 13
wp		: yes
flags		: fpu vme de pse tsc msr pae mce cx8 apic sep mtrr pge mca cmov pat pse36 clflush mmx fxsr sse sse2 ht nx rdtscp constant_tsc xtopology nonstop_tsc pni pclmulqdq ssse3 cx16 sse4_1 sse4_2 movbe popcnt aes xsave avx rdrand hypervisor lahf_lm abm
bugs		:
bogomips	: 4799.99
clflush size	: 64
cache_alignment	: 64
address sizes	: 39 bits physical, 48 bits virtual
power management:

processor	: 1
vendor_id	: GenuineIntel
cpu family	: 6
model		: 69
model name	: Intel(R) Core(TM) i5-4258U CPU @ 2.40GHz
stepping	: 1
cpu MHz		: 2399.998
cache size	: 3072 KB
physical id	: 0
siblings	: 2
core id		: 1
cpu cores	: 2
apicid		: 1
initial apicid	: 1
fdiv_bug	: no
f00f_bug	: no
coma_bug	: no
fpu		: yes
fpu_exception	: yes
cpuid level	: 13
wp		: yes
flags		: fpu vme de pse tsc msr pae mce cx8 apic sep mtrr pge mca cmov pat pse36 clflush mmx fxsr sse sse2 ht nx rdtscp constant_tsc xtopology nonstop_tsc pni pclmulqdq ssse3 cx16 sse4_1 sse4_2 movbe popcnt aes xsave avx rdrand hypervisor lahf_lm abm
bugs		:
bogomips	: 4799.99
clflush size	: 64
cache_alignment	: 64
address sizes	: 39 bits physical, 48 bits virtual
power management:



Memory: 4k page, physical 2062248k(238168k free), swap 3142652k(3140948k free)

vm_info: Java HotSpot(TM) Server VM (20.45-b01) for linux-x86 JRE (1.6.0_45-b06), built on Mar 26 2013 13:50:03 by "java_re" with gcc 3.2.1-7a (J2SE release)

time: Fri Jun  2 01:18:36 2017
elapsed time: 2 seconds

