#
# A fatal error has been detected by the Java Runtime Environment:
#
#  SIGSEGV (0xb) at pc=0x6e726fdb, pid=3364, tid=3062770496
#
# JRE version: 6.0_45-b06
# Java VM: Java HotSpot(TM) Server VM (20.45-b01 mixed mode linux-x86 )
# Problematic frame:
# C  [libpolkaMPQ.so+0x19fdb]  pk_widening+0x1eb
#
# If you would like to submit a bug report, please visit:
#   http://java.sun.com/webapps/bugreport/crash.jsp
# The crash happened outside the Java Virtual Machine in native code.
# See problematic frame for where to report the bug.
#

---------------  T H R E A D  ---------------

Current thread (0xb6705c00):  JavaThread "main" [_thread_in_native, id=3369, stack(0xb6892000,0xb68e3000)]

siginfo:si_signo=SIGSEGV: si_errno=0, si_code=1 (SEGV_MAPERR), si_addr=0x00000008

Registers:
EAX=0x00000000, EBX=0x6e735000, ECX=0xb6700010, EDX=0x00000001
ESP=0xb68e12c8, EBP=0x6d7e3018, ESI=0x00000001, EDI=0x6d7e8348
EIP=0x6e726fdb, EFLAGS=0x00210286, CR2=0x00000008

Top of Stack: (sp=0xb68e12c8)
0xb68e12c8:   00000000 6dc0cb08 b713ccc8 b6704ea0
0xb68e12d8:   b6705c00 6d7e8428 b6ef8711 b6705e58
0xb68e12e8:   b68e137f 6d7e3018 6d7e3748 6d766ba8
0xb68e12f8:   b6704ea0 b6704ea8 00000001 00000000
0xb68e1308:   6d7e8470 6d76e908 6f03b268 b776b7a2
0xb68e1318:   00000001 6092e700 00000001 00000005
0xb68e1328:   6e726df9 6d9fe000 6d7e8328 6d76e908
0xb68e1338:   6d7e4010 6d8cc19f 6d76e908 6d7e3748 

Instructions: (pc=0x6e726fdb)
0x6e726fbb:   c6 8b 44 24 28 ff 70 14 ff 70 10 e8 d5 ad fe ff
0x6e726fcb:   8b 6c 24 2c 89 44 24 48 83 c4 0c 8b 45 00 6a 00
0x6e726fdb:   ff 70 08 8b 7c 24 30 8b 40 04 03 47 08 83 e8 01
0x6e726feb:   50 e8 cf ae fe ff 8b 4c 24 48 83 c4 0c 89 01 6a 

Register to memory mapping:

EAX=0x00000000 is an unknown value
EBX=0x6e735000: <offset 0x28000> in /home/sae/apron/newpolka/libpolkaMPQ.so at 0x6e70d000
ECX=0xb6700010 is an unknown value
EDX=0x00000001 is an unknown value
ESP=0xb68e12c8 is pointing into the stack for thread: 0xb6705c00
EBP=0x6d7e3018 is an unknown value
ESI=0x00000001 is an unknown value
EDI=0x6d7e8348 is an unknown value


Stack: [0xb6892000,0xb68e3000],  sp=0xb68e12c8,  free space=316k
Native frames: (J=compiled Java code, j=interpreted, Vv=VM code, C=native code)
C  [libpolkaMPQ.so+0x19fdb]  pk_widening+0x1eb

Java frames: (J=compiled Java code, j=interpreted, Vv=VM code)
j  apron.Abstract0.widening(Lapron/Manager;Lapron/Abstract0;)Lapron/Abstract0;+0
j  apron.Abstract1.widening(Lapron/Manager;Lapron/Abstract1;)Lapron/Abstract1;+25
j  ch.ethz.sae.Analysis.merge(Lsoot/Unit;Lch/ethz/sae/AWrapper;Lch/ethz/sae/AWrapper;Lch/ethz/sae/AWrapper;)V+76
j  ch.ethz.sae.Analysis.merge(Ljava/lang/Object;Ljava/lang/Object;Ljava/lang/Object;Ljava/lang/Object;)V+18
j  soot.toolkits.scalar.ForwardBranchedFlowAnalysis.doAnalysis()V+949
j  ch.ethz.sae.Analysis.run()V+1
j  ch.ethz.sae.Verifier.main([Ljava/lang/String;)V+104
j  UnitTests.Test()V+23
v  ~StubRoutines::call_stub
j  sun.reflect.NativeMethodAccessorImpl.invoke0(Ljava/lang/reflect/Method;Ljava/lang/Object;[Ljava/lang/Object;)Ljava/lang/Object;+0
j  sun.reflect.NativeMethodAccessorImpl.invoke(Ljava/lang/Object;[Ljava/lang/Object;)Ljava/lang/Object;+87
j  sun.reflect.DelegatingMethodAccessorImpl.invoke(Ljava/lang/Object;[Ljava/lang/Object;)Ljava/lang/Object;+6
j  java.lang.reflect.Method.invoke(Ljava/lang/Object;[Ljava/lang/Object;)Ljava/lang/Object;+161
j  org.junit.runners.model.FrameworkMethod$1.runReflectiveCall()Ljava/lang/Object;+15
j  org.junit.internal.runners.model.ReflectiveCallable.run()Ljava/lang/Object;+1
j  org.junit.runners.model.FrameworkMethod.invokeExplosively(Ljava/lang/Object;[Ljava/lang/Object;)Ljava/lang/Object;+10
j  org.junit.internal.runners.statements.InvokeMethod.evaluate()V+12
j  org.junit.internal.runners.statements.RunBefores.evaluate()V+49
j  org.junit.runners.ParentRunner.runLeaf(Lorg/junit/runners/model/Statement;Lorg/junit/runner/Description;Lorg/junit/runner/notification/RunNotifier;)V+17
j  org.junit.runners.BlockJUnit4ClassRunner.runChild(Lorg/junit/runners/model/FrameworkMethod;Lorg/junit/runner/notification/RunNotifier;)V+32
j  org.junit.runners.BlockJUnit4ClassRunner.runChild(Ljava/lang/Object;Lorg/junit/runner/notification/RunNotifier;)V+6
j  org.junit.runners.ParentRunner$3.run()V+12
j  org.junit.runners.ParentRunner$1.schedule(Ljava/lang/Runnable;)V+1
j  org.junit.runners.ParentRunner.runChildren(Lorg/junit/runner/notification/RunNotifier;)V+40
j  org.junit.runners.ParentRunner.access$000(Lorg/junit/runners/ParentRunner;Lorg/junit/runner/notification/RunNotifier;)V+2
j  org.junit.runners.ParentRunner$2.evaluate()V+8
j  org.junit.runners.ParentRunner.run(Lorg/junit/runner/notification/RunNotifier;)V+20
j  org.junit.runners.Suite.runChild(Lorg/junit/runner/Runner;Lorg/junit/runner/notification/RunNotifier;)V+2
j  org.junit.runners.Suite.runChild(Ljava/lang/Object;Lorg/junit/runner/notification/RunNotifier;)V+6
j  org.junit.runners.ParentRunner$3.run()V+12
j  org.junit.runners.ParentRunner$1.schedule(Ljava/lang/Runnable;)V+1
j  org.junit.runners.ParentRunner.runChildren(Lorg/junit/runner/notification/RunNotifier;)V+40
j  org.junit.runners.ParentRunner.access$000(Lorg/junit/runners/ParentRunner;Lorg/junit/runner/notification/RunNotifier;)V+2
j  org.junit.runners.ParentRunner$2.evaluate()V+8
j  org.junit.runners.ParentRunner.run(Lorg/junit/runner/notification/RunNotifier;)V+20
j  org.eclipse.jdt.internal.junit4.runner.JUnit4TestReference.run(Lorg/eclipse/jdt/internal/junit/runner/TestExecution;)V+72
j  org.eclipse.jdt.internal.junit.runner.TestExecution.run([Lorg/eclipse/jdt/internal/junit/runner/ITestReference;)V+17
j  org.eclipse.jdt.internal.junit.runner.RemoteTestRunner.runTests([Ljava/lang/String;Ljava/lang/String;Lorg/eclipse/jdt/internal/junit/runner/TestExecution;)V+61
j  org.eclipse.jdt.internal.junit.runner.RemoteTestRunner.runTests(Lorg/eclipse/jdt/internal/junit/runner/TestExecution;)V+10
j  org.eclipse.jdt.internal.junit.runner.RemoteTestRunner.run()V+70
j  org.eclipse.jdt.internal.junit.runner.RemoteTestRunner.main([Ljava/lang/String;)V+14
v  ~StubRoutines::call_stub

---------------  P R O C E S S  ---------------

Java Threads: ( => current thread )
  0xb67fb000 JavaThread "ReaderThread" [_thread_in_native, id=3381, stack(0x6e77d000,0x6e7ce000)]
  0xb679a000 JavaThread "Low Memory Detector" daemon [_thread_blocked, id=3379, stack(0x6e8a0000,0x6e8f1000)]
  0xb6798400 JavaThread "C2 CompilerThread1" daemon [_thread_blocked, id=3378, stack(0x6e8f1000,0x6e972000)]
  0xb6796400 JavaThread "C2 CompilerThread0" daemon [_thread_in_native, id=3377, stack(0x6e972000,0x6e9f3000)]
  0xb6794c00 JavaThread "Signal Dispatcher" daemon [_thread_blocked, id=3376, stack(0x6e9f3000,0x6ea44000)]
  0xb6786400 JavaThread "Finalizer" daemon [_thread_blocked, id=3375, stack(0x6ec44000,0x6ec95000)]
  0xb6784c00 JavaThread "Reference Handler" daemon [_thread_blocked, id=3374, stack(0x6ec95000,0x6ece6000)]
=>0xb6705c00 JavaThread "main" [_thread_in_native, id=3369, stack(0xb6892000,0xb68e3000)]

Other Threads:
  0xb6781000 VMThread [stack: 0x6ece6000,0x6ed67000] [id=3373]
  0xb679bc00 WatcherThread [stack: 0x6e81f000,0x6e8a0000] [id=3380]

VM state:not at safepoint (normal execution)

VM Mutex/Monitor currently owned by a thread: None

Heap
 PSYoungGen      total 35584K, used 18688K [0x9e0f0000, 0xa0650000, 0xb3640000)
  eden space 32896K, 48% used [0x9e0f0000,0x9f092f68,0xa0110000)
  from space 2688K, 99% used [0xa03b0000,0xa064d3c0,0xa0650000)
  to   space 2688K, 0% used [0xa0110000,0xa0110000,0xa03b0000)
 PSOldGen        total 43712K, used 8986K [0x73640000, 0x760f0000, 0x9e0f0000)
  object space 43712K, 20% used [0x73640000,0x73f06880,0x760f0000)
 PSPermGen       total 16384K, used 8778K [0x6f640000, 0x70640000, 0x73640000)
  object space 16384K, 53% used [0x6f640000,0x6fed2960,0x70640000)

Code Cache  [0xb3700000, 0xb3940000, 0xb6700000)
 total_blobs=234 nmethods=109 adapters=79 free_code_cache=49766912 largest_free_block=6272

Dynamic libraries:
08048000-08052000 r-xp 00000000 08:01 3409195    /opt/jdk1.6.0_45/bin/java
08052000-08053000 rwxp 00009000 08:01 3409195    /opt/jdk1.6.0_45/bin/java
0898b000-09317000 rwxp 00000000 00:00 0          [heap]
6d700000-6d7ed000 rwxp 00000000 00:00 0 
6d7ed000-6d800000 ---p 00000000 00:00 0 
6d8a7000-6d9fc000 r-xp 00000000 08:01 6165121    /home/sae/apron/apron/libapron.so
6d9fc000-6d9fd000 ---p 00155000 08:01 6165121    /home/sae/apron/apron/libapron.so
6d9fd000-6d9fe000 r-xp 00155000 08:01 6165121    /home/sae/apron/apron/libapron.so
6d9fe000-6da00000 rwxp 00156000 08:01 6165121    /home/sae/apron/apron/libapron.so
6da00000-6daff000 rwxp 00000000 00:00 0 
6daff000-6db00000 ---p 00000000 00:00 0 
6db00000-6dbd7000 rwxp 00000000 00:00 0 
6dbd7000-6dc00000 ---p 00000000 00:00 0 
6dc00000-6dd00000 rwxp 00000000 00:00 0 
6dd00000-6ddfb000 rwxp 00000000 00:00 0 
6ddfb000-6de00000 ---p 00000000 00:00 0 
6de00000-6def7000 rwxp 00000000 00:00 0 
6def7000-6df00000 ---p 00000000 00:00 0 
6df00000-6e000000 rwxp 00000000 00:00 0 
6e007000-6e091000 r-xp 00000000 08:01 4462686    /usr/lib/i386-linux-gnu/libgmp.so.10.3.0
6e091000-6e092000 r-xp 00089000 08:01 4462686    /usr/lib/i386-linux-gnu/libgmp.so.10.3.0
6e092000-6e093000 rwxp 0008a000 08:01 4462686    /usr/lib/i386-linux-gnu/libgmp.so.10.3.0
6e093000-6e0fe000 r-xp 00000000 08:01 4462983    /usr/lib/i386-linux-gnu/libmpfr.so.4.1.4
6e0fe000-6e0ff000 r-xp 0006a000 08:01 4462983    /usr/lib/i386-linux-gnu/libmpfr.so.4.1.4
6e0ff000-6e100000 rwxp 0006b000 08:01 4462983    /usr/lib/i386-linux-gnu/libmpfr.so.4.1.4
6e100000-6e1ec000 rwxp 00000000 00:00 0 
6e1ec000-6e200000 ---p 00000000 00:00 0 
6e200000-6e2e5000 rwxp 00000000 00:00 0 
6e2e5000-6e300000 ---p 00000000 00:00 0 
6e300000-6e3fd000 rwxp 00000000 00:00 0 
6e3fd000-6e400000 ---p 00000000 00:00 0 
6e43f000-6e600000 rwxp 00000000 00:00 0 
6e600000-6e6f9000 rwxp 00000000 00:00 0 
6e6f9000-6e700000 ---p 00000000 00:00 0 
6e70d000-6e733000 r-xp 00000000 08:01 145087     /home/sae/apron/newpolka/libpolkaMPQ.so
6e733000-6e734000 ---p 00026000 08:01 145087     /home/sae/apron/newpolka/libpolkaMPQ.so
6e734000-6e735000 r-xp 00026000 08:01 145087     /home/sae/apron/newpolka/libpolkaMPQ.so
6e735000-6e736000 rwxp 00027000 08:01 145087     /home/sae/apron/newpolka/libpolkaMPQ.so
6e736000-6e752000 r-xp 00000000 08:01 6165182    /home/sae/apron/octagons/liboctD.so
6e752000-6e753000 r-xp 0001b000 08:01 6165182    /home/sae/apron/octagons/liboctD.so
6e753000-6e754000 rwxp 0001c000 08:01 6165182    /home/sae/apron/octagons/liboctD.so
6e754000-6e77b000 r-xp 00000000 08:01 145195     /home/sae/apron/japron/libjgmp.so
6e77b000-6e77c000 r-xp 00026000 08:01 145195     /home/sae/apron/japron/libjgmp.so
6e77c000-6e77d000 rwxp 00027000 08:01 145195     /home/sae/apron/japron/libjgmp.so
6e77d000-6e780000 ---p 00000000 00:00 0 
6e780000-6e7ce000 rwxp 00000000 00:00 0 
6e7ce000-6e81f000 r-xs 005b1000 08:01 5917942    /home/sae/project2/soot-2.5.0.jar
6e81f000-6e820000 ---p 00000000 00:00 0 
6e820000-6e8a0000 rwxp 00000000 00:00 0 
6e8a0000-6e8a3000 ---p 00000000 00:00 0 
6e8a3000-6e8f1000 rwxp 00000000 00:00 0 
6e8f1000-6e8f4000 ---p 00000000 00:00 0 
6e8f4000-6e972000 rwxp 00000000 00:00 0 
6e972000-6e975000 ---p 00000000 00:00 0 
6e975000-6e9f3000 rwxp 00000000 00:00 0 
6e9f3000-6e9f6000 ---p 00000000 00:00 0 
6e9f6000-6ea44000 rwxp 00000000 00:00 0 
6ea44000-6ec44000 r-xp 00000000 08:01 4465853    /usr/lib/locale/locale-archive
6ec44000-6ec47000 ---p 00000000 00:00 0 
6ec47000-6ec95000 rwxp 00000000 00:00 0 
6ec95000-6ec98000 ---p 00000000 00:00 0 
6ec98000-6ece6000 rwxp 00000000 00:00 0 
6ece6000-6ece7000 ---p 00000000 00:00 0 
6ece7000-6ed67000 rwxp 00000000 00:00 0 
6ed67000-6ef00000 r-xs 03087000 08:01 3407875    /opt/jdk1.6.0_45/jre/lib/rt.jar
6ef00000-6eff4000 rwxp 00000000 00:00 0 
6eff4000-6f000000 ---p 00000000 00:00 0 
6f00e000-6f01a000 r-xp 00000000 08:01 145173     /home/sae/apron/box/libboxD.so
6f01a000-6f01b000 r-xp 0000b000 08:01 145173     /home/sae/apron/box/libboxD.so
6f01b000-6f01c000 rwxp 0000c000 08:01 145173     /home/sae/apron/box/libboxD.so
6f01c000-6f03a000 r-xp 00000000 08:01 145196     /home/sae/apron/japron/libjapron.so
6f03a000-6f03b000 r-xp 0001d000 08:01 145196     /home/sae/apron/japron/libjapron.so
6f03b000-6f03c000 rwxp 0001e000 08:01 145196     /home/sae/apron/japron/libjapron.so
6f03c000-6f04b000 r-xs 00667000 08:01 3408674    /opt/jdk1.6.0_45/jre/lib/charsets.jar
6f04b000-6f07f000 rwxp 00000000 00:00 0 
6f07f000-6f080000 ---p 00000000 00:00 0 
6f080000-6f100000 rwxp 00000000 00:00 0 
6f100000-6f121000 rwxp 00000000 00:00 0 
6f121000-6f200000 ---p 00000000 00:00 0 
6f201000-6f204000 r-xs 00013000 08:01 3407971    /opt/jdk1.6.0_45/jre/lib/jce.jar
6f204000-6f20b000 r-xs 00096000 08:01 3407961    /opt/jdk1.6.0_45/jre/lib/jsse.jar
6f20b000-6f213000 r-xs 00115000 08:01 3408017    /opt/jdk1.6.0_45/jre/lib/resources.jar
6f213000-6f227000 r-xp 00000000 08:01 3407925    /opt/jdk1.6.0_45/jre/lib/i386/libnet.so
6f227000-6f228000 rwxp 00013000 08:01 3407925    /opt/jdk1.6.0_45/jre/lib/i386/libnet.so
6f228000-6f229000 ---p 00000000 00:00 0 
6f229000-6f2b1000 rwxp 00000000 00:00 0 
6f2b1000-6f2c9000 rwxp 00000000 00:00 0 
6f2c9000-6f2df000 rwxp 00000000 00:00 0 
6f2df000-6f41f000 rwxp 00000000 00:00 0 
6f41f000-6f427000 rwxp 00000000 00:00 0 
6f427000-6f43f000 rwxp 00000000 00:00 0 
6f43f000-6f455000 rwxp 00000000 00:00 0 
6f455000-6f594000 rwxp 00000000 00:00 0 
6f594000-6f5a8000 rwxp 00000000 00:00 0 
6f5a8000-6f63f000 rwxp 00000000 00:00 0 
6f63f000-70640000 rwxp 00000000 00:00 0 
70640000-73640000 rwxp 00000000 00:00 0 
73640000-760f0000 rwxp 00000000 00:00 0 
760f0000-9e0f0000 rwxp 00000000 00:00 0 
9e0f0000-a0650000 rwxp 00000000 00:00 0 
a0650000-b3640000 rwxp 00000000 00:00 0 
b3640000-b3649000 rwxp 00000000 00:00 0 
b3649000-b3700000 rwxp 00000000 00:00 0 
b3700000-b3940000 rwxp 00000000 00:00 0 
b3940000-b67ff000 rwxp 00000000 00:00 0 
b67ff000-b6800000 ---p 00000000 00:00 0 
b6800000-b6802000 r-xs 0000c000 08:01 269812     /home/sae/eclipse/plugins/org.hamcrest.core_1.3.0.v201303031735.jar
b6802000-b6808000 r-xs 00036000 08:01 1443578    /home/sae/eclipse/plugins/org.junit_4.11.0.v201303080030/junit.jar
b6808000-b6813000 r-xp 00000000 08:01 6030737    /lib/i386-linux-gnu/libnss_files-2.23.so
b6813000-b6814000 r-xp 0000a000 08:01 6030737    /lib/i386-linux-gnu/libnss_files-2.23.so
b6814000-b6815000 rwxp 0000b000 08:01 6030737    /lib/i386-linux-gnu/libnss_files-2.23.so
b6815000-b681b000 rwxp 00000000 00:00 0 
b681b000-b6826000 r-xp 00000000 08:01 6030747    /lib/i386-linux-gnu/libnss_nis-2.23.so
b6826000-b6827000 r-xp 0000a000 08:01 6030747    /lib/i386-linux-gnu/libnss_nis-2.23.so
b6827000-b6828000 rwxp 0000b000 08:01 6030747    /lib/i386-linux-gnu/libnss_nis-2.23.so
b6828000-b6830000 r-xp 00000000 08:01 6030733    /lib/i386-linux-gnu/libnss_compat-2.23.so
b6830000-b6831000 r-xp 00007000 08:01 6030733    /lib/i386-linux-gnu/libnss_compat-2.23.so
b6831000-b6832000 rwxp 00008000 08:01 6030733    /lib/i386-linux-gnu/libnss_compat-2.23.so
b6832000-b6849000 r-xp 00000000 08:01 6030731    /lib/i386-linux-gnu/libnsl-2.23.so
b6849000-b684a000 r-xp 00016000 08:01 6030731    /lib/i386-linux-gnu/libnsl-2.23.so
b684a000-b684b000 rwxp 00017000 08:01 6030731    /lib/i386-linux-gnu/libnsl-2.23.so
b684b000-b684d000 rwxp 00000000 00:00 0 
b684e000-b684f000 r-xs 00003000 08:01 145200     /home/sae/apron/japron/gmp.jar
b684f000-b6851000 r-xs 00013000 08:01 145201     /home/sae/apron/japron/apron.jar
b6851000-b6852000 r-xp 00739000 08:01 4465853    /usr/lib/locale/locale-archive
b6852000-b6861000 r-xp 00000000 08:01 3407921    /opt/jdk1.6.0_45/jre/lib/i386/libzip.so
b6861000-b6863000 rwxp 0000e000 08:01 3407921    /opt/jdk1.6.0_45/jre/lib/i386/libzip.so
b6863000-b6887000 r-xp 00000000 08:01 3407917    /opt/jdk1.6.0_45/jre/lib/i386/libjava.so
b6887000-b6889000 rwxp 00023000 08:01 3407917    /opt/jdk1.6.0_45/jre/lib/i386/libjava.so
b6889000-b6890000 r-xp 00000000 08:01 6030792    /lib/i386-linux-gnu/librt-2.23.so
b6890000-b6891000 r-xp 00006000 08:01 6030792    /lib/i386-linux-gnu/librt-2.23.so
b6891000-b6892000 rwxp 00007000 08:01 6030792    /lib/i386-linux-gnu/librt-2.23.so
b6892000-b6895000 ---p 00000000 00:00 0 
b6895000-b68e3000 rwxp 00000000 00:00 0 
b68e3000-b6936000 r-xp 00000000 08:01 6030710    /lib/i386-linux-gnu/libm-2.23.so
b6936000-b6937000 r-xp 00052000 08:01 6030710    /lib/i386-linux-gnu/libm-2.23.so
b6937000-b6938000 rwxp 00053000 08:01 6030710    /lib/i386-linux-gnu/libm-2.23.so
b6938000-b70ed000 r-xp 00000000 08:01 3407905    /opt/jdk1.6.0_45/jre/lib/i386/server/libjvm.so
b70ed000-b7141000 rwxp 007b5000 08:01 3407905    /opt/jdk1.6.0_45/jre/lib/i386/server/libjvm.so
b7141000-b7561000 rwxp 00000000 00:00 0 
b7561000-b7710000 r-xp 00000000 08:01 6030640    /lib/i386-linux-gnu/libc-2.23.so
b7710000-b7711000 ---p 001af000 08:01 6030640    /lib/i386-linux-gnu/libc-2.23.so
b7711000-b7713000 r-xp 001af000 08:01 6030640    /lib/i386-linux-gnu/libc-2.23.so
b7713000-b7714000 rwxp 001b1000 08:01 6030640    /lib/i386-linux-gnu/libc-2.23.so
b7714000-b7717000 rwxp 00000000 00:00 0 
b7717000-b771a000 r-xp 00000000 08:01 6030664    /lib/i386-linux-gnu/libdl-2.23.so
b771a000-b771b000 r-xp 00002000 08:01 6030664    /lib/i386-linux-gnu/libdl-2.23.so
b771b000-b771c000 rwxp 00003000 08:01 6030664    /lib/i386-linux-gnu/libdl-2.23.so
b771c000-b7723000 r-xp 00000000 08:01 3407919    /opt/jdk1.6.0_45/jre/lib/i386/jli/libjli.so
b7723000-b7725000 rwxp 00006000 08:01 3407919    /opt/jdk1.6.0_45/jre/lib/i386/jli/libjli.so
b7725000-b773e000 r-xp 00000000 08:01 6030784    /lib/i386-linux-gnu/libpthread-2.23.so
b773e000-b773f000 r-xp 00018000 08:01 6030784    /lib/i386-linux-gnu/libpthread-2.23.so
b773f000-b7740000 rwxp 00019000 08:01 6030784    /lib/i386-linux-gnu/libpthread-2.23.so
b7740000-b7742000 rwxp 00000000 00:00 0 
b7742000-b774a000 rwxs 00000000 08:01 2359324    /tmp/hsperfdata_sae/3364
b774a000-b774b000 rwxp 00000000 00:00 0 
b774b000-b774c000 r-xp 00000000 00:00 0 
b774c000-b7757000 r-xp 00000000 08:01 3407916    /opt/jdk1.6.0_45/jre/lib/i386/libverify.so
b7757000-b7758000 rwxp 0000b000 08:01 3407916    /opt/jdk1.6.0_45/jre/lib/i386/libverify.so
b7758000-b775a000 rwxp 00000000 00:00 0 
b775a000-b775c000 r--p 00000000 00:00 0          [vvar]
b775c000-b775d000 r-xp 00000000 00:00 0          [vdso]
b775d000-b777f000 r-xp 00000000 08:01 6030612    /lib/i386-linux-gnu/ld-2.23.so
b777f000-b7780000 rwxp 00000000 00:00 0 
b7780000-b7781000 r-xp 00022000 08:01 6030612    /lib/i386-linux-gnu/ld-2.23.so
b7781000-b7782000 rwxp 00023000 08:01 6030612    /lib/i386-linux-gnu/ld-2.23.so
bfc67000-bfc89000 rwxp 00000000 00:00 0          [stack]

VM Arguments:
jvm_args: -Dfile.encoding=UTF-8 
java_command: org.eclipse.jdt.internal.junit.runner.RemoteTestRunner -version 3 -port 41131 -testLoaderClass org.eclipse.jdt.internal.junit4.runner.JUnit4TestLoader -loaderpluginname org.eclipse.jdt.junit4.runtime -classNames UnitTests
Launcher Type: SUN_STANDARD

Environment Variables:
JAVA_HOME=/opt/java-latest
PATH=/opt/java-latest/bin:/home/sae/eclipse/:/usr/local/sbin:/usr/local/bin:/usr/sbin:/usr/bin:/sbin:/bin:/usr/games:/usr/local/games:/snap/bin
LD_LIBRARY_PATH=/opt/jdk1.6.0_45/jre/lib/i386/server:/opt/jdk1.6.0_45/jre/lib/i386:/opt/jdk1.6.0_45/jre/../lib/i386:/opt/jdk1.6.0_45/jre/lib/i386/client:/opt/jdk1.6.0_45/jre/lib/i386:/home/sae/apron/box:/home/sae/apron/octagons:/home/sae/apron/newpolka:/home/sae/apron/apron:/home/sae/apron/japron:/home/sae/apron/japron/gmp
SHELL=/bin/bash
DISPLAY=:0

Signal Handlers:
SIGSEGV: [libjvm.so+0x7285f0], sa_mask[0]=0x7ffbfeff, sa_flags=0x10000004
SIGBUS: [libjvm.so+0x7285f0], sa_mask[0]=0x7ffbfeff, sa_flags=0x10000004
SIGFPE: [libjvm.so+0x5e21c0], sa_mask[0]=0x7ffbfeff, sa_flags=0x10000004
SIGPIPE: [libjvm.so+0x5e21c0], sa_mask[0]=0x7ffbfeff, sa_flags=0x10000004
SIGXFSZ: [libjvm.so+0x5e21c0], sa_mask[0]=0x7ffbfeff, sa_flags=0x10000004
SIGILL: [libjvm.so+0x5e21c0], sa_mask[0]=0x7ffbfeff, sa_flags=0x10000004
SIGUSR1: SIG_DFL, sa_mask[0]=0x00000000, sa_flags=0x00000000
SIGUSR2: [libjvm.so+0x5e5420], sa_mask[0]=0x00000004, sa_flags=0x10000004
SIGHUP: [libjvm.so+0x5e5000], sa_mask[0]=0x7ffbfeff, sa_flags=0x10000004
SIGINT: [libjvm.so+0x5e5000], sa_mask[0]=0x7ffbfeff, sa_flags=0x10000004
SIGTERM: [libjvm.so+0x5e5000], sa_mask[0]=0x7ffbfeff, sa_flags=0x10000004
SIGQUIT: [libjvm.so+0x5e5000], sa_mask[0]=0x7ffbfeff, sa_flags=0x10000004


---------------  S Y S T E M  ---------------

OS:stretch/sid

uname:Linux 4.4.0-22-generic #39-Ubuntu SMP Thu May 5 16:52:40 UTC 2016 i686
libc:glibc 2.23 NPTL 2.23 
rlimit: STACK 8192k, CORE 0k, NPROC 64508, NOFILE 65536, AS infinity
load average:1.34 0.67 0.35

/proc/meminfo:
MemTotal:        8292420 kB
MemFree:         6459472 kB
MemAvailable:    7236676 kB
Buffers:           41824 kB
Cached:           770808 kB
SwapCached:            0 kB
Active:          1336108 kB
Inactive:         403256 kB
Active(anon):     927652 kB
Inactive(anon):    25144 kB
Active(file):     408456 kB
Inactive(file):   378112 kB
Unevictable:          32 kB
Mlocked:              32 kB
HighTotal:       7475144 kB
HighFree:        5907944 kB
LowTotal:         817276 kB
LowFree:          551528 kB
SwapTotal:       3142652 kB
SwapFree:        3142652 kB
Dirty:               200 kB
Writeback:             0 kB
AnonPages:        926760 kB
Mapped:           194948 kB
Shmem:             26068 kB
Slab:              44984 kB
SReclaimable:      29480 kB
SUnreclaim:        15504 kB
KernelStack:        3840 kB
PageTables:         9460 kB
NFS_Unstable:          0 kB
Bounce:                0 kB
WritebackTmp:          0 kB
CommitLimit:     7288860 kB
Committed_AS:    3896384 kB
VmallocTotal:     122880 kB
VmallocUsed:           0 kB
VmallocChunk:          0 kB
AnonHugePages:    579584 kB
CmaTotal:              0 kB
CmaFree:               0 kB
HugePages_Total:       0
HugePages_Free:        0
HugePages_Rsvd:        0
HugePages_Surp:        0
Hugepagesize:       2048 kB
DirectMap4k:       40952 kB
DirectMap2M:      872448 kB


CPU:total 2 (2 cores per cpu, 1 threads per core) family 6 model 94 stepping 3, cmov, cx8, fxsr, mmx, sse, sse2, sse3, ssse3, sse4.1, sse4.2, popcnt

/proc/cpuinfo:
processor	: 0
vendor_id	: GenuineIntel
cpu family	: 6
model		: 94
model name	: Intel(R) Core(TM) i7-6700HQ CPU @ 2.60GHz
stepping	: 3
cpu MHz		: 2592.000
cache size	: 6144 KB
physical id	: 0
siblings	: 2
core id		: 0
cpu cores	: 2
apicid		: 0
initial apicid	: 0
fdiv_bug	: no
f00f_bug	: no
coma_bug	: no
fpu		: yes
fpu_exception	: yes
cpuid level	: 22
wp		: yes
flags		: fpu vme de pse tsc msr pae mce cx8 apic sep mtrr pge mca cmov pat pse36 clflush mmx fxsr sse sse2 ht nx rdtscp constant_tsc xtopology nonstop_tsc pni pclmulqdq ssse3 cx16 sse4_1 sse4_2 movbe popcnt aes xsave avx rdrand hypervisor lahf_lm abm 3dnowprefetch rdseed clflushopt
bugs		:
bogomips	: 5184.00
clflush size	: 64
cache_alignment	: 64
address sizes	: 39 bits physical, 48 bits virtual
power management:

processor	: 1
vendor_id	: GenuineIntel
cpu family	: 6
model		: 94
model name	: Intel(R) Core(TM) i7-6700HQ CPU @ 2.60GHz
stepping	: 3
cpu MHz		: 2592.000
cache size	: 6144 KB
physical id	: 0
siblings	: 2
core id		: 1
cpu cores	: 2
apicid		: 1
initial apicid	: 1
fdiv_bug	: no
f00f_bug	: no
coma_bug	: no
fpu		: yes
fpu_exception	: yes
cpuid level	: 22
wp		: yes
flags		: fpu vme de pse tsc msr pae mce cx8 apic sep mtrr pge mca cmov pat pse36 clflush mmx fxsr sse sse2 ht nx rdtscp constant_tsc xtopology nonstop_tsc pni pclmulqdq ssse3 cx16 sse4_1 sse4_2 movbe popcnt aes xsave avx rdrand hypervisor lahf_lm abm 3dnowprefetch rdseed clflushopt
bugs		:
bogomips	: 5184.00
clflush size	: 64
cache_alignment	: 64
address sizes	: 39 bits physical, 48 bits virtual
power management:



Memory: 4k page, physical 8292420k(6459472k free), swap 3142652k(3142652k free)

vm_info: Java HotSpot(TM) Server VM (20.45-b01) for linux-x86 JRE (1.6.0_45-b06), built on Mar 26 2013 13:50:03 by "java_re" with gcc 3.2.1-7a (J2SE release)

time: Thu Jun  1 12:52:38 2017
elapsed time: 1 seconds

