#
# A fatal error has been detected by the Java Runtime Environment:
#
#  SIGSEGV (0xb) at pc=0x8e6d2fdb, pid=9458, tid=3062512448
#
# JRE version: 6.0_45-b06
# Java VM: Java HotSpot(TM) Server VM (20.45-b01 mixed mode linux-x86 )
# Problematic frame:
# C  [libpolkaMPQ.so+0x19fdb]  pk_widening+0x1eb
#
# If you would like to submit a bug report, please visit:
#   http://java.sun.com/webapps/bugreport/crash.jsp
# The crash happened outside the Java Virtual Machine in native code.
# See problematic frame for where to report the bug.
#

---------------  T H R E A D  ---------------

Current thread (0xb6707000):  JavaThread "main" [_thread_in_native, id=9461, stack(0xb6853000,0xb68a4000)]

siginfo:si_signo=SIGSEGV: si_errno=0, si_code=1 (SEGV_MAPERR), si_addr=0x00000008

Registers:
EAX=0x00000000, EBX=0x8e6e1000, ECX=0xb6700010, EDX=0x00000001
ESP=0xb68a2d48, EBP=0x8eb24250, ESI=0x00000001, EDI=0x8eb25cc8
EIP=0x8e6d2fdb, EFLAGS=0x00210282, CR2=0x00000008

Top of Stack: (sp=0xb68a2d48)
0xb68a2d48:   00000000 b67f87d0 b70fdcc8 b6706358
0xb68a2d58:   8eb25c90 8eb25cd8 00000002 8eb25ce0
0xb68a2d68:   00000001 8eb24250 8eb25650 8ea7a968
0xb68a2d78:   b6706358 b6706360 00000001 00000000
0xb68a2d88:   8eb25c68 8efd4b18 8f72d268 b772c7a2
0xb68a2d98:   8e9f4998 8068d600 00000001 00000005
0xb68a2da8:   8e6d2df9 8e0fe000 8eb25c20 8efd4b18
0xb68a2db8:   8eb247f8 8dfcc19f 8efd4b18 8eb25650 

Instructions: (pc=0x8e6d2fdb)
0x8e6d2fbb:   c6 8b 44 24 28 ff 70 14 ff 70 10 e8 d5 ad fe ff
0x8e6d2fcb:   8b 6c 24 2c 89 44 24 48 83 c4 0c 8b 45 00 6a 00
0x8e6d2fdb:   ff 70 08 8b 7c 24 30 8b 40 04 03 47 08 83 e8 01
0x8e6d2feb:   50 e8 cf ae fe ff 8b 4c 24 48 83 c4 0c 89 01 6a 

Register to memory mapping:

EAX=0x00000000 is an unknown value
EBX=0x8e6e1000: <offset 0x28000> in /home/sae/apron/newpolka/libpolkaMPQ.so at 0x8e6b9000
ECX=0xb6700010 is an unknown value
EDX=0x00000001 is an unknown value
ESP=0xb68a2d48 is pointing into the stack for thread: 0xb6707000
EBP=0x8eb24250 is an unknown value
ESI=0x00000001 is an unknown value
EDI=0x8eb25cc8 is an unknown value


Stack: [0xb6853000,0xb68a4000],  sp=0xb68a2d48,  free space=319k
Native frames: (J=compiled Java code, j=interpreted, Vv=VM code, C=native code)
C  [libpolkaMPQ.so+0x19fdb]  pk_widening+0x1eb

Java frames: (J=compiled Java code, j=interpreted, Vv=VM code)
j  apron.Abstract0.widening(Lapron/Manager;Lapron/Abstract0;)Lapron/Abstract0;+0
j  apron.Abstract1.widening(Lapron/Manager;Lapron/Abstract1;)Lapron/Abstract1;+25
j  ch.ethz.sae.Analysis.merge(Lsoot/Unit;Lch/ethz/sae/AWrapper;Lch/ethz/sae/AWrapper;Lch/ethz/sae/AWrapper;)V+76
j  ch.ethz.sae.Analysis.merge(Ljava/lang/Object;Ljava/lang/Object;Ljava/lang/Object;Ljava/lang/Object;)V+18
j  soot.toolkits.scalar.ForwardBranchedFlowAnalysis.doAnalysis()V+949
j  ch.ethz.sae.Analysis.run()V+1
j  ch.ethz.sae.Verifier.main([Ljava/lang/String;)V+103
v  ~StubRoutines::call_stub

---------------  P R O C E S S  ---------------

Java Threads: ( => current thread )
  0xb67aec00 JavaThread "Low Memory Detector" daemon [_thread_blocked, id=9480, stack(0x8f0fe000,0x8f14f000)]
  0xb67a3800 JavaThread "C2 CompilerThread1" daemon [_thread_in_native, id=9479, stack(0x8f14f000,0x8f1d0000)]
  0xb67a1800 JavaThread "C2 CompilerThread0" daemon [_thread_blocked, id=9478, stack(0x8f1d0000,0x8f251000)]
  0x0826c800 JavaThread "JDWP Command Reader" daemon [_thread_in_native, id=9476, stack(0x8f251000,0x8f2a2000)]
  0xb67a0000 JavaThread "JDWP Event Helper Thread" daemon [_thread_blocked, id=9475, stack(0x8f2a2000,0x8f2f3000)]
  0xb679d800 JavaThread "JDWP Transport Listener: dt_socket" daemon [_thread_blocked, id=9472, stack(0x8f2f3000,0x8f344000)]
  0xb6795c00 JavaThread "Signal Dispatcher" daemon [_thread_blocked, id=9470, stack(0x8f344000,0x8f395000)]
  0xb6787800 JavaThread "Finalizer" daemon [_thread_blocked, id=9469, stack(0x8f395000,0x8f3e6000)]
  0xb6786000 JavaThread "Reference Handler" daemon [_thread_blocked, id=9468, stack(0x8f72e000,0x8f77f000)]
=>0xb6707000 JavaThread "main" [_thread_in_native, id=9461, stack(0xb6853000,0xb68a4000)]

Other Threads:
  0xb6782400 VMThread [stack: 0x8f3e6000,0x8f467000] [id=9467]
  0xb67b0800 WatcherThread [stack: 0x8f07d000,0x8f0fe000] [id=9482]

VM state:not at safepoint (normal execution)

VM Mutex/Monitor currently owned by a thread: None

Heap
 PSYoungGen      total 17472K, used 9488K [0xa8bb0000, 0xaadd0000, 0xb33b0000)
  eden space 16128K, 50% used [0xa8bb0000,0xa93a80e8,0xa9b70000)
  from space 1344K, 98% used [0xa9b70000,0xa9cbc010,0xa9cc0000)
  to   space 1344K, 0% used [0xaac80000,0xaac80000,0xaadd0000)
 PSOldGen        total 21504K, used 9832K [0x93bb0000, 0x950b0000, 0xa8bb0000)
  object space 21504K, 45% used [0x93bb0000,0x9454a150,0x950b0000)
 PSPermGen       total 16384K, used 6631K [0x8fbb0000, 0x90bb0000, 0x93bb0000)
  object space 16384K, 40% used [0x8fbb0000,0x90229da8,0x90bb0000)

Code Cache  [0xb3479000, 0xb36b9000, 0xb6479000)
 total_blobs=189 nmethods=86 adapters=65 free_code_cache=49840960 largest_free_block=40576

Dynamic libraries:
08048000-08052000 r-xp 00000000 08:01 3409195    /opt/jdk1.6.0_45/bin/java
08052000-08053000 rwxp 00009000 08:01 3409195    /opt/jdk1.6.0_45/bin/java
0826b000-08811000 rwxp 00000000 00:00 0          [heap]
8dfa7000-8e0fc000 r-xp 00000000 08:01 6165121    /home/sae/apron/apron/libapron.so
8e0fc000-8e0fd000 ---p 00155000 08:01 6165121    /home/sae/apron/apron/libapron.so
8e0fd000-8e0fe000 r-xp 00155000 08:01 6165121    /home/sae/apron/apron/libapron.so
8e0fe000-8e100000 rwxp 00156000 08:01 6165121    /home/sae/apron/apron/libapron.so
8e100000-8e134000 rwxp 00000000 00:00 0 
8e134000-8e200000 ---p 00000000 00:00 0 
8e274000-8e2fe000 r-xp 00000000 08:01 4462686    /usr/lib/i386-linux-gnu/libgmp.so.10.3.0
8e2fe000-8e2ff000 r-xp 00089000 08:01 4462686    /usr/lib/i386-linux-gnu/libgmp.so.10.3.0
8e2ff000-8e300000 rwxp 0008a000 08:01 4462686    /usr/lib/i386-linux-gnu/libgmp.so.10.3.0
8e300000-8e3f2000 rwxp 00000000 00:00 0 
8e3f2000-8e400000 ---p 00000000 00:00 0 
8e400000-8e4fd000 rwxp 00000000 00:00 0 
8e4fd000-8e500000 ---p 00000000 00:00 0 
8e500000-8e5ff000 rwxp 00000000 00:00 0 
8e5ff000-8e600000 ---p 00000000 00:00 0 
8e636000-8e6a1000 r-xp 00000000 08:01 4462983    /usr/lib/i386-linux-gnu/libmpfr.so.4.1.4
8e6a1000-8e6a2000 r-xp 0006a000 08:01 4462983    /usr/lib/i386-linux-gnu/libmpfr.so.4.1.4
8e6a2000-8e6a3000 rwxp 0006b000 08:01 4462983    /usr/lib/i386-linux-gnu/libmpfr.so.4.1.4
8e6b9000-8e6df000 r-xp 00000000 08:01 145087     /home/sae/apron/newpolka/libpolkaMPQ.so
8e6df000-8e6e0000 ---p 00026000 08:01 145087     /home/sae/apron/newpolka/libpolkaMPQ.so
8e6e0000-8e6e1000 r-xp 00026000 08:01 145087     /home/sae/apron/newpolka/libpolkaMPQ.so
8e6e1000-8e6e2000 rwxp 00027000 08:01 145087     /home/sae/apron/newpolka/libpolkaMPQ.so
8e6e2000-8e6fe000 r-xp 00000000 08:01 6165182    /home/sae/apron/octagons/liboctD.so
8e6fe000-8e6ff000 r-xp 0001b000 08:01 6165182    /home/sae/apron/octagons/liboctD.so
8e6ff000-8e700000 rwxp 0001c000 08:01 6165182    /home/sae/apron/octagons/liboctD.so
8e700000-8e7fd000 rwxp 00000000 00:00 0 
8e7fd000-8e800000 ---p 00000000 00:00 0 
8e800000-8e8f7000 rwxp 00000000 00:00 0 
8e8f7000-8e900000 ---p 00000000 00:00 0 
8e900000-8e9f5000 rwxp 00000000 00:00 0 
8e9f5000-8ea00000 ---p 00000000 00:00 0 
8ea00000-8eaec000 rwxp 00000000 00:00 0 
8eaec000-8eb00000 ---p 00000000 00:00 0 
8eb00000-8ebe2000 rwxp 00000000 00:00 0 
8ebe2000-8ec00000 ---p 00000000 00:00 0 
8ec00000-8ecfa000 rwxp 00000000 00:00 0 
8ecfa000-8ed00000 ---p 00000000 00:00 0 
8ed00000-8edfb000 rwxp 00000000 00:00 0 
8edfb000-8ee00000 ---p 00000000 00:00 0 
8ee00000-8ef00000 rwxp 00000000 00:00 0 
8ef00000-8efff000 rwxp 00000000 00:00 0 
8efff000-8f000000 ---p 00000000 00:00 0 
8f003000-8f02a000 r-xp 00000000 08:01 145195     /home/sae/apron/japron/libjgmp.so
8f02a000-8f02b000 r-xp 00026000 08:01 145195     /home/sae/apron/japron/libjgmp.so
8f02b000-8f02c000 rwxp 00027000 08:01 145195     /home/sae/apron/japron/libjgmp.so
8f02c000-8f07d000 r-xs 005b1000 08:01 270146     /home/sae/project2/soot-2.5.0.jar
8f07d000-8f07e000 ---p 00000000 00:00 0 
8f07e000-8f0fe000 rwxp 00000000 00:00 0 
8f0fe000-8f101000 ---p 00000000 00:00 0 
8f101000-8f14f000 rwxp 00000000 00:00 0 
8f14f000-8f152000 ---p 00000000 00:00 0 
8f152000-8f1d0000 rwxp 00000000 00:00 0 
8f1d0000-8f1d3000 ---p 00000000 00:00 0 
8f1d3000-8f251000 rwxp 00000000 00:00 0 
8f251000-8f254000 ---p 00000000 00:00 0 
8f254000-8f2a2000 rwxp 00000000 00:00 0 
8f2a2000-8f2a5000 ---p 00000000 00:00 0 
8f2a5000-8f2f3000 rwxp 00000000 00:00 0 
8f2f3000-8f2f6000 ---p 00000000 00:00 0 
8f2f6000-8f344000 rwxp 00000000 00:00 0 
8f344000-8f347000 ---p 00000000 00:00 0 
8f347000-8f395000 rwxp 00000000 00:00 0 
8f395000-8f398000 ---p 00000000 00:00 0 
8f398000-8f3e6000 rwxp 00000000 00:00 0 
8f3e6000-8f3e7000 ---p 00000000 00:00 0 
8f3e7000-8f467000 rwxp 00000000 00:00 0 
8f467000-8f600000 r-xs 03087000 08:01 3407875    /opt/jdk1.6.0_45/jre/lib/rt.jar
8f600000-8f621000 rwxp 00000000 00:00 0 
8f621000-8f700000 ---p 00000000 00:00 0 
8f700000-8f70c000 r-xp 00000000 08:01 145173     /home/sae/apron/box/libboxD.so
8f70c000-8f70d000 r-xp 0000b000 08:01 145173     /home/sae/apron/box/libboxD.so
8f70d000-8f70e000 rwxp 0000c000 08:01 145173     /home/sae/apron/box/libboxD.so
8f70e000-8f72c000 r-xp 00000000 08:01 145196     /home/sae/apron/japron/libjapron.so
8f72c000-8f72d000 r-xp 0001d000 08:01 145196     /home/sae/apron/japron/libjapron.so
8f72d000-8f72e000 rwxp 0001e000 08:01 145196     /home/sae/apron/japron/libjapron.so
8f72e000-8f731000 ---p 00000000 00:00 0 
8f731000-8f77f000 rwxp 00000000 00:00 0 
8f77f000-8f780000 ---p 00000000 00:00 0 
8f780000-8f800000 rwxp 00000000 00:00 0 
8f800000-8f821000 rwxp 00000000 00:00 0 
8f821000-8f900000 ---p 00000000 00:00 0 
8f901000-8f907000 r-xs 00036000 08:01 1443578    /home/sae/eclipse/plugins/org.junit_4.11.0.v201303080030/junit.jar
8f907000-8f916000 r-xs 00667000 08:01 3408674    /opt/jdk1.6.0_45/jre/lib/charsets.jar
8f916000-8f94a000 rwxp 00000000 00:00 0 
8f94a000-8f94b000 ---p 00000000 00:00 0 
8f94b000-8f9d3000 rwxp 00000000 00:00 0 
8f9d3000-8f9eb000 rwxp 00000000 00:00 0 
8f9eb000-8f9f6000 rwxp 00000000 00:00 0 
8f9f6000-8fa93000 rwxp 00000000 00:00 0 
8fa93000-8fa9b000 rwxp 00000000 00:00 0 
8fa9b000-8fab3000 rwxp 00000000 00:00 0 
8fab3000-8fabe000 rwxp 00000000 00:00 0 
8fabe000-8fb5b000 rwxp 00000000 00:00 0 
8fb5b000-8fb6d000 rwxp 00000000 00:00 0 
8fb6d000-8fbaf000 rwxp 00000000 00:00 0 
8fbaf000-90bb0000 rwxp 00000000 00:00 0 
90bb0000-93bb0000 rwxp 00000000 00:00 0 
93bb0000-950b0000 rwxp 00000000 00:00 0 
950b0000-a8bb0000 rwxp 00000000 00:00 0 
a8bb0000-aadd0000 rwxp 00000000 00:00 0 
aadd0000-b33b0000 rwxp 00000000 00:00 0 
b33b2000-b33b9000 r-xs 00096000 08:01 3407961    /opt/jdk1.6.0_45/jre/lib/jsse.jar
b33b9000-b33c2000 rwxp 00000000 00:00 0 
b33c2000-b3479000 rwxp 00000000 00:00 0 
b3479000-b36b9000 rwxp 00000000 00:00 0 
b36b9000-b6479000 rwxp 00000000 00:00 0 
b6479000-b6488000 r-xp 00000000 08:01 3407921    /opt/jdk1.6.0_45/jre/lib/i386/libzip.so
b6488000-b648a000 rwxp 0000e000 08:01 3407921    /opt/jdk1.6.0_45/jre/lib/i386/libzip.so
b648a000-b6495000 r-xp 00000000 08:01 6039024    /lib/i386-linux-gnu/libnss_files-2.23.so
b6495000-b6496000 r-xp 0000a000 08:01 6039024    /lib/i386-linux-gnu/libnss_files-2.23.so
b6496000-b6497000 rwxp 0000b000 08:01 6039024    /lib/i386-linux-gnu/libnss_files-2.23.so
b6497000-b649d000 rwxp 00000000 00:00 0 
b649d000-b64a8000 r-xp 00000000 08:01 6039017    /lib/i386-linux-gnu/libnss_nis-2.23.so
b64a8000-b64a9000 r-xp 0000a000 08:01 6039017    /lib/i386-linux-gnu/libnss_nis-2.23.so
b64a9000-b64aa000 rwxp 0000b000 08:01 6039017    /lib/i386-linux-gnu/libnss_nis-2.23.so
b64aa000-b66aa000 r-xp 00000000 08:01 4457996    /usr/lib/locale/locale-archive
b66aa000-b66e4000 r-xp 00000000 08:01 3407954    /opt/jdk1.6.0_45/jre/lib/i386/libjdwp.so
b66e4000-b66e5000 rwxp 00039000 08:01 3407954    /opt/jdk1.6.0_45/jre/lib/i386/libjdwp.so
b66e5000-b66fc000 r-xp 00000000 08:01 6039019    /lib/i386-linux-gnu/libnsl-2.23.so
b66fc000-b66fd000 r-xp 00016000 08:01 6039019    /lib/i386-linux-gnu/libnsl-2.23.so
b66fd000-b66fe000 rwxp 00017000 08:01 6039019    /lib/i386-linux-gnu/libnsl-2.23.so
b66fe000-b6700000 rwxp 00000000 00:00 0 
b6700000-b67fc000 rwxp 00000000 00:00 0 
b67fc000-b6800000 ---p 00000000 00:00 0 
b6801000-b6804000 r-xs 00013000 08:01 3407971    /opt/jdk1.6.0_45/jre/lib/jce.jar
b6804000-b680c000 r-xp 00000000 08:01 6039025    /lib/i386-linux-gnu/libnss_compat-2.23.so
b680c000-b680d000 r-xp 00007000 08:01 6039025    /lib/i386-linux-gnu/libnss_compat-2.23.so
b680d000-b680e000 rwxp 00008000 08:01 6039025    /lib/i386-linux-gnu/libnss_compat-2.23.so
b680e000-b6810000 r-xs 0000c000 08:01 269812     /home/sae/eclipse/plugins/org.hamcrest.core_1.3.0.v201303031735.jar
b6810000-b6818000 r-xs 00115000 08:01 3408017    /opt/jdk1.6.0_45/jre/lib/resources.jar
b6818000-b681b000 r-xp 00000000 08:01 3407955    /opt/jdk1.6.0_45/jre/lib/i386/libdt_socket.so
b681b000-b681c000 rwxp 00003000 08:01 3407955    /opt/jdk1.6.0_45/jre/lib/i386/libdt_socket.so
b681c000-b6824000 rwxs 00000000 08:01 2359315    /tmp/hsperfdata_sae/9458
b6824000-b6848000 r-xp 00000000 08:01 3407917    /opt/jdk1.6.0_45/jre/lib/i386/libjava.so
b6848000-b684a000 rwxp 00023000 08:01 3407917    /opt/jdk1.6.0_45/jre/lib/i386/libjava.so
b684a000-b6851000 r-xp 00000000 08:01 6039026    /lib/i386-linux-gnu/librt-2.23.so
b6851000-b6852000 r-xp 00006000 08:01 6039026    /lib/i386-linux-gnu/librt-2.23.so
b6852000-b6853000 rwxp 00007000 08:01 6039026    /lib/i386-linux-gnu/librt-2.23.so
b6853000-b6856000 ---p 00000000 00:00 0 
b6856000-b68a4000 rwxp 00000000 00:00 0 
b68a4000-b68f7000 r-xp 00000000 08:01 6039018    /lib/i386-linux-gnu/libm-2.23.so
b68f7000-b68f8000 r-xp 00052000 08:01 6039018    /lib/i386-linux-gnu/libm-2.23.so
b68f8000-b68f9000 rwxp 00053000 08:01 6039018    /lib/i386-linux-gnu/libm-2.23.so
b68f9000-b70ae000 r-xp 00000000 08:01 3407905    /opt/jdk1.6.0_45/jre/lib/i386/server/libjvm.so
b70ae000-b7102000 rwxp 007b5000 08:01 3407905    /opt/jdk1.6.0_45/jre/lib/i386/server/libjvm.so
b7102000-b7522000 rwxp 00000000 00:00 0 
b7522000-b76d1000 r-xp 00000000 08:01 6039020    /lib/i386-linux-gnu/libc-2.23.so
b76d1000-b76d2000 ---p 001af000 08:01 6039020    /lib/i386-linux-gnu/libc-2.23.so
b76d2000-b76d4000 r-xp 001af000 08:01 6039020    /lib/i386-linux-gnu/libc-2.23.so
b76d4000-b76d5000 rwxp 001b1000 08:01 6039020    /lib/i386-linux-gnu/libc-2.23.so
b76d5000-b76d8000 rwxp 00000000 00:00 0 
b76d8000-b76db000 r-xp 00000000 08:01 6039016    /lib/i386-linux-gnu/libdl-2.23.so
b76db000-b76dc000 r-xp 00002000 08:01 6039016    /lib/i386-linux-gnu/libdl-2.23.so
b76dc000-b76dd000 rwxp 00003000 08:01 6039016    /lib/i386-linux-gnu/libdl-2.23.so
b76dd000-b76e4000 r-xp 00000000 08:01 3407919    /opt/jdk1.6.0_45/jre/lib/i386/jli/libjli.so
b76e4000-b76e6000 rwxp 00006000 08:01 3407919    /opt/jdk1.6.0_45/jre/lib/i386/jli/libjli.so
b76e6000-b76ff000 r-xp 00000000 08:01 6039030    /lib/i386-linux-gnu/libpthread-2.23.so
b76ff000-b7700000 r-xp 00018000 08:01 6039030    /lib/i386-linux-gnu/libpthread-2.23.so
b7700000-b7701000 rwxp 00019000 08:01 6039030    /lib/i386-linux-gnu/libpthread-2.23.so
b7701000-b7703000 rwxp 00000000 00:00 0 
b7703000-b7704000 r-xs 00003000 08:01 145200     /home/sae/apron/japron/gmp.jar
b7704000-b7706000 r-xs 00013000 08:01 145201     /home/sae/apron/japron/apron.jar
b7706000-b7707000 r-xp 002cc000 08:01 4457996    /usr/lib/locale/locale-archive
b7707000-b770a000 r-xp 00000000 08:01 3407922    /opt/jdk1.6.0_45/jre/lib/i386/libnpt.so
b770a000-b770b000 rwxp 00002000 08:01 3407922    /opt/jdk1.6.0_45/jre/lib/i386/libnpt.so
b770b000-b770c000 rwxp 00000000 00:00 0 
b770c000-b770d000 r-xp 00000000 00:00 0 
b770d000-b7718000 r-xp 00000000 08:01 3407916    /opt/jdk1.6.0_45/jre/lib/i386/libverify.so
b7718000-b7719000 rwxp 0000b000 08:01 3407916    /opt/jdk1.6.0_45/jre/lib/i386/libverify.so
b7719000-b771b000 rwxp 00000000 00:00 0 
b771b000-b771d000 r--p 00000000 00:00 0          [vvar]
b771d000-b771e000 r-xp 00000000 00:00 0          [vdso]
b771e000-b7740000 r-xp 00000000 08:01 6039021    /lib/i386-linux-gnu/ld-2.23.so
b7740000-b7741000 rwxp 00000000 00:00 0 
b7741000-b7742000 r-xp 00022000 08:01 6039021    /lib/i386-linux-gnu/ld-2.23.so
b7742000-b7743000 rwxp 00023000 08:01 6039021    /lib/i386-linux-gnu/ld-2.23.so
bfe7b000-bfe9d000 rwxp 00000000 00:00 0          [stack]

VM Arguments:
jvm_args: -agentlib:jdwp=transport=dt_socket,suspend=y,address=localhost:45727 -Dfile.encoding=UTF-8 
java_command: ch.ethz.sae.Verifier Test_1
Launcher Type: SUN_STANDARD

Environment Variables:
JAVA_HOME=/opt/java-latest
PATH=/opt/java-latest/bin:/home/sae/eclipse/:/usr/local/sbin:/usr/local/bin:/usr/sbin:/usr/bin:/sbin:/bin:/usr/games:/usr/local/games:/snap/bin
LD_LIBRARY_PATH=/opt/jdk1.6.0_45/jre/lib/i386/server:/opt/jdk1.6.0_45/jre/lib/i386:/opt/jdk1.6.0_45/jre/../lib/i386:/opt/jdk1.6.0_45/jre/lib/i386/client:/opt/jdk1.6.0_45/jre/lib/i386:/home/sae/apron/box:/home/sae/apron/octagons:/home/sae/apron/newpolka:/home/sae/apron/apron:/home/sae/apron/japron:/home/sae/apron/japron/gmp
SHELL=/bin/bash
DISPLAY=:0

Signal Handlers:
SIGSEGV: [libjvm.so+0x7285f0], sa_mask[0]=0x7ffbfeff, sa_flags=0x10000004
SIGBUS: [libjvm.so+0x7285f0], sa_mask[0]=0x7ffbfeff, sa_flags=0x10000004
SIGFPE: [libjvm.so+0x5e21c0], sa_mask[0]=0x7ffbfeff, sa_flags=0x10000004
SIGPIPE: [libjvm.so+0x5e21c0], sa_mask[0]=0x7ffbfeff, sa_flags=0x10000004
SIGXFSZ: [libjvm.so+0x5e21c0], sa_mask[0]=0x7ffbfeff, sa_flags=0x10000004
SIGILL: [libjvm.so+0x5e21c0], sa_mask[0]=0x7ffbfeff, sa_flags=0x10000004
SIGUSR1: SIG_DFL, sa_mask[0]=0x00000000, sa_flags=0x00000000
SIGUSR2: [libjvm.so+0x5e5420], sa_mask[0]=0x00000004, sa_flags=0x10000004
SIGHUP: [libjvm.so+0x5e5000], sa_mask[0]=0x7ffbfeff, sa_flags=0x10000004
SIGINT: [libjvm.so+0x5e5000], sa_mask[0]=0x7ffbfeff, sa_flags=0x10000004
SIGTERM: [libjvm.so+0x5e5000], sa_mask[0]=0x7ffbfeff, sa_flags=0x10000004
SIGQUIT: [libjvm.so+0x5e5000], sa_mask[0]=0x7ffbfeff, sa_flags=0x10000004


---------------  S Y S T E M  ---------------

OS:stretch/sid

uname:Linux 4.4.0-78-generic #99-Ubuntu SMP Thu Apr 27 15:28:22 UTC 2017 i686
libc:glibc 2.23 NPTL 2.23 
rlimit: STACK 8192k, CORE 0k, NPROC 15831, NOFILE 65536, AS infinity
load average:1.81 1.49 0.96

/proc/meminfo:
MemTotal:        2062248 kB
MemFree:          191672 kB
MemAvailable:     814308 kB
Buffers:           59392 kB
Cached:           783480 kB
SwapCached:          228 kB
Active:          1273308 kB
Inactive:         500108 kB
Active(anon):     818952 kB
Inactive(anon):   144688 kB
Active(file):     454356 kB
Inactive(file):   355420 kB
Unevictable:          32 kB
Mlocked:              32 kB
HighTotal:       1183688 kB
HighFree:          48480 kB
LowTotal:         878560 kB
LowFree:          143192 kB
SwapTotal:       3142652 kB
SwapFree:        3140668 kB
Dirty:               220 kB
Writeback:             0 kB
AnonPages:        930348 kB
Mapped:           211388 kB
Shmem:             33100 kB
Slab:              50564 kB
SReclaimable:      36108 kB
SUnreclaim:        14456 kB
KernelStack:        3544 kB
PageTables:         9284 kB
NFS_Unstable:          0 kB
Bounce:                0 kB
WritebackTmp:          0 kB
CommitLimit:     4173776 kB
Committed_AS:    3787148 kB
VmallocTotal:     122880 kB
VmallocUsed:           0 kB
VmallocChunk:          0 kB
AnonHugePages:    663552 kB
CmaTotal:              0 kB
CmaFree:               0 kB
HugePages_Total:       0
HugePages_Free:        0
HugePages_Rsvd:        0
HugePages_Surp:        0
Hugepagesize:       2048 kB
DirectMap4k:       57336 kB
DirectMap2M:      856064 kB


CPU:total 2 (2 cores per cpu, 1 threads per core) family 6 model 69 stepping 1, cmov, cx8, fxsr, mmx, sse, sse2, sse3, ssse3, sse4.1, sse4.2, popcnt

/proc/cpuinfo:
processor	: 0
vendor_id	: GenuineIntel
cpu family	: 6
model		: 69
model name	: Intel(R) Core(TM) i5-4258U CPU @ 2.40GHz
stepping	: 1
cpu MHz		: 2399.998
cache size	: 3072 KB
physical id	: 0
siblings	: 2
core id		: 0
cpu cores	: 2
apicid		: 0
initial apicid	: 0
fdiv_bug	: no
f00f_bug	: no
coma_bug	: no
fpu		: yes
fpu_exception	: yes
cpuid level	: 13
wp		: yes
flags		: fpu vme de pse tsc msr pae mce cx8 apic sep mtrr pge mca cmov pat pse36 clflush mmx fxsr sse sse2 ht nx rdtscp constant_tsc xtopology nonstop_tsc pni pclmulqdq ssse3 cx16 sse4_1 sse4_2 movbe popcnt aes xsave avx rdrand hypervisor lahf_lm abm
bugs		:
bogomips	: 4799.99
clflush size	: 64
cache_alignment	: 64
address sizes	: 39 bits physical, 48 bits virtual
power management:

processor	: 1
vendor_id	: GenuineIntel
cpu family	: 6
model		: 69
model name	: Intel(R) Core(TM) i5-4258U CPU @ 2.40GHz
stepping	: 1
cpu MHz		: 2399.998
cache size	: 3072 KB
physical id	: 0
siblings	: 2
core id		: 1
cpu cores	: 2
apicid		: 1
initial apicid	: 1
fdiv_bug	: no
f00f_bug	: no
coma_bug	: no
fpu		: yes
fpu_exception	: yes
cpuid level	: 13
wp		: yes
flags		: fpu vme de pse tsc msr pae mce cx8 apic sep mtrr pge mca cmov pat pse36 clflush mmx fxsr sse sse2 ht nx rdtscp constant_tsc xtopology nonstop_tsc pni pclmulqdq ssse3 cx16 sse4_1 sse4_2 movbe popcnt aes xsave avx rdrand hypervisor lahf_lm abm
bugs		:
bogomips	: 4799.99
clflush size	: 64
cache_alignment	: 64
address sizes	: 39 bits physical, 48 bits virtual
power management:



Memory: 4k page, physical 2062248k(191672k free), swap 3142652k(3140668k free)

vm_info: Java HotSpot(TM) Server VM (20.45-b01) for linux-x86 JRE (1.6.0_45-b06), built on Mar 26 2013 13:50:03 by "java_re" with gcc 3.2.1-7a (J2SE release)

time: Fri Jun  2 00:39:20 2017
elapsed time: 1 seconds

